#
# There is insufficient memory for the Java Runtime Environment to continue.
# Native memory allocation (malloc) failed to allocate 1017376 bytes for Chunk::new
# Possible reasons:
#   The system is out of physical RAM or swap space
#   The process is running with CompressedOops enabled, and the Java Heap may be blocking the growth of the native heap
# Possible solutions:
#   Reduce memory load on the system
#   Increase physical memory or swap space
#   Check if swap backing store is full
#   Decrease Java heap size (-Xmx/-Xms)
#   Decrease number of Java threads
#   Decrease Java thread stack sizes (-Xss)
#   Set larger code cache with -XX:ReservedCodeCacheSize=
#   JVM is running with Unscaled Compressed Oops mode in which the Java heap is
#     placed in the first 4GB address space. The Java Heap base address is the
#     maximum limit for the native heap growth. Please use -XX:HeapBaseMinAddress
#     to set the Java Heap base and to place the Java Heap above 4GB virtual address.
# This output file may be truncated or incomplete.
#
#  Out of Memory Error (arena.cpp:189), pid=1872, tid=5340
#
# JRE version: Java(TM) SE Runtime Environment (17.0.1+12) (build 17.0.1+12-LTS-39)
# Java VM: Java HotSpot(TM) 64-Bit Server VM (17.0.1+12-LTS-39, mixed mode, sharing, tiered, compressed oops, compressed class ptrs, g1 gc, windows-amd64)
# No core dump will be written. Minidumps are not enabled by default on client versions of Windows
#

---------------  S U M M A R Y ------------

Command Line: -Dfile.encoding=UTF-8 -XX:+ShowCodeDetailsInExceptionMessages com.project.hrms.HrmsApplication

Host: AMD Ryzen 5 3550H with Radeon Vega Mobile Gfx  , 8 cores, 5G,  Windows 10 , 64 bit Build 19041 (10.0.19041.2546)
Time: Fri Feb 24 17:25:08 2023 Türkiye Standart Saati elapsed time: 2.112455 seconds (0d 0h 0m 2s)

---------------  T H R E A D  ---------------

Current thread (0x000001acf6f8b5f0):  JavaThread "C2 CompilerThread0" daemon [_thread_in_native, id=5340, stack(0x000000614fb00000,0x000000614fc00000)]


Current CompileTask:
C2:   2112 1988       4       jdk.internal.org.objectweb.asm.Frame::execute (2305 bytes)

Stack: [0x000000614fb00000,0x000000614fc00000]
Native frames: (J=compiled Java code, j=interpreted, Vv=VM code, C=native code)
V  [jvm.dll+0x66fa1a]
V  [jvm.dll+0x7ce5a4]
V  [jvm.dll+0x7cfd4e]
V  [jvm.dll+0x7d03b3]
V  [jvm.dll+0x242b05]
V  [jvm.dll+0xaa05b]
V  [jvm.dll+0xaa5ec]
V  [jvm.dll+0x2a953f]
V  [jvm.dll+0x5785a9]
V  [jvm.dll+0x21dd7d]
V  [jvm.dll+0x21e15f]
V  [jvm.dll+0x217a2a]
V  [jvm.dll+0x214f05]
V  [jvm.dll+0x1a168d]
V  [jvm.dll+0x224848]
V  [jvm.dll+0x2229ac]
V  [jvm.dll+0x78435b]
V  [jvm.dll+0x77e91a]
V  [jvm.dll+0x66e845]
C  [ucrtbase.dll+0x21bb2]
C  [KERNEL32.DLL+0x17614]
C  [ntdll.dll+0x526a1]


---------------  P R O C E S S  ---------------

Threads class SMR info:
_java_thread_list=0x000001acf86d85f0, length=16, elements={
0x000001acda25f210, 0x000001acf6f60f40, 0x000001acf6f63f00, 0x000001acf6f7a620,
0x000001acf6f7dff0, 0x000001acf6f7e9a0, 0x000001acf6f87360, 0x000001acf6f8b5f0,
0x000001acf6f8cfb0, 0x000001acf6fa0080, 0x000001acf7c8a300, 0x000001acf7c96a80,
0x000001acf8279c30, 0x000001acf87dba20, 0x000001acf87f6dc0, 0x000001acf88bb7b0
}

Java Threads: ( => current thread )
  0x000001acda25f210 JavaThread "main" [_thread_blocked, id=10832, stack(0x000000614ee00000,0x000000614ef00000)]
  0x000001acf6f60f40 JavaThread "Reference Handler" daemon [_thread_blocked, id=1980, stack(0x000000614f500000,0x000000614f600000)]
  0x000001acf6f63f00 JavaThread "Finalizer" daemon [_thread_blocked, id=12284, stack(0x000000614f600000,0x000000614f700000)]
  0x000001acf6f7a620 JavaThread "Signal Dispatcher" daemon [_thread_blocked, id=4804, stack(0x000000614f700000,0x000000614f800000)]
  0x000001acf6f7dff0 JavaThread "Attach Listener" daemon [_thread_blocked, id=20532, stack(0x000000614f800000,0x000000614f900000)]
  0x000001acf6f7e9a0 JavaThread "Service Thread" daemon [_thread_blocked, id=11620, stack(0x000000614f900000,0x000000614fa00000)]
  0x000001acf6f87360 JavaThread "Monitor Deflation Thread" daemon [_thread_blocked, id=16464, stack(0x000000614fa00000,0x000000614fb00000)]
=>0x000001acf6f8b5f0 JavaThread "C2 CompilerThread0" daemon [_thread_in_native, id=5340, stack(0x000000614fb00000,0x000000614fc00000)]
  0x000001acf6f8cfb0 JavaThread "C1 CompilerThread0" daemon [_thread_in_native, id=668, stack(0x000000614fc00000,0x000000614fd00000)]
  0x000001acf6fa0080 JavaThread "Sweeper thread" daemon [_thread_blocked, id=20812, stack(0x000000614fd00000,0x000000614fe00000)]
  0x000001acf7c8a300 JavaThread "Notification Thread" daemon [_thread_blocked, id=7720, stack(0x000000614fe00000,0x000000614ff00000)]
  0x000001acf7c96a80 JavaThread "Common-Cleaner" daemon [_thread_blocked, id=10476, stack(0x0000006150000000,0x0000006150100000)]
  0x000001acf8279c30 JavaThread "C2 CompilerThread1" daemon [_thread_in_native, id=14920, stack(0x0000006150100000,0x0000006150200000)]
  0x000001acf87dba20 JavaThread "Thread-0" [_thread_blocked, id=21192, stack(0x0000006150700000,0x0000006150800000)]
  0x000001acf87f6dc0 JavaThread "restartedMain" [_thread_in_Java, id=14048, stack(0x0000006150800000,0x0000006150900000)]
  0x000001acf88bb7b0 JavaThread "background-preinit" [_thread_in_vm, id=10780, stack(0x0000006150900000,0x0000006150a00000)]

Other Threads:
  0x000001acf6f5ca90 VMThread "VM Thread" [stack: 0x000000614f400000,0x000000614f500000] [id=8036]
  0x000001acf7c967f0 WatcherThread [stack: 0x000000614ff00000,0x0000006150000000] [id=18336]
  0x000001acda2947d0 GCTaskThread "GC Thread#0" [stack: 0x000000614ef00000,0x000000614f000000] [id=17328]
  0x000001acf8860cc0 GCTaskThread "GC Thread#1" [stack: 0x0000006150200000,0x0000006150300000] [id=22000]
  0x000001acf87d5f30 GCTaskThread "GC Thread#2" [stack: 0x0000006150300000,0x0000006150400000] [id=15744]
  0x000001acf87d61e0 GCTaskThread "GC Thread#3" [stack: 0x0000006150400000,0x0000006150500000] [id=12856]
  0x000001acf87d6490 GCTaskThread "GC Thread#4" [stack: 0x0000006150500000,0x0000006150600000] [id=9040]
  0x000001acf87da760 GCTaskThread "GC Thread#5" [stack: 0x0000006150600000,0x0000006150700000] [id=18628]
  0x000001acda2a3b10 ConcurrentGCThread "G1 Main Marker" [stack: 0x000000614f000000,0x000000614f100000] [id=22036]
  0x000001acda2a4520 ConcurrentGCThread "G1 Conc#0" [stack: 0x000000614f100000,0x000000614f200000] [id=21396]
  0x000001acda31de00 ConcurrentGCThread "G1 Refine#0" [stack: 0x000000614f200000,0x000000614f300000] [id=15960]
  0x000001acda31e820 ConcurrentGCThread "G1 Service" [stack: 0x000000614f300000,0x000000614f400000] [id=10148]

Threads with active compile tasks:
C2 CompilerThread0     2140 1988       4       jdk.internal.org.objectweb.asm.Frame::execute (2305 bytes)
C2 CompilerThread1     2140 2118       4       java.util.concurrent.ConcurrentHashMap::get (162 bytes)

VM state: not at safepoint (normal execution)

VM Mutex/Monitor currently owned by a thread: None

Heap address: 0x00000000a1e00000, size: 1506 MB, Compressed Oops mode: 32-bit

CDS archive(s) mapped at: [0x0000000800000000-0x0000000800bc0000-0x0000000800bc0000), size 12320768, SharedBaseAddress: 0x0000000800000000, ArchiveRelocationMode: 0.
Compressed class space mapped at: 0x0000000800c00000-0x0000000840c00000, reserved size: 1073741824
Narrow klass base: 0x0000000800000000, Narrow klass shift: 0, Narrow klass range: 0x100000000

GC Precious Log:
 CPUs: 8 total, 8 available
 Memory: 6017M
 Large Page Support: Disabled
 NUMA Support: Disabled
 Compressed Oops: Enabled (32-bit)
 Heap Region Size: 1M
 Heap Min Capacity: 8M
 Heap Initial Capacity: 96M
 Heap Max Capacity: 1506M
 Pre-touch: Disabled
 Parallel Workers: 8
 Concurrent Workers: 2
 Concurrent Refinement Workers: 8
 Periodic GC: Disabled

Heap:
 garbage-first heap   total 98304K, used 62834K [0x00000000a1e00000, 0x0000000100000000)
  region size 1024K, 56 young (57344K), 1 survivors (1024K)
 Metaspace       used 15394K, committed 15680K, reserved 1064960K
  class space    used 1987K, committed 2112K, reserved 1048576K

Heap Regions: E=young(eden), S=young(survivor), O=old, HS=humongous(starts), HC=humongous(continues), CS=collection set, F=free, OA=open archive, CA=closed archive, TAMS=top-at-mark-start (previous, next)
|   0|0x00000000a1e00000, 0x00000000a1f00000, 0x00000000a1f00000|100%|HS|  |TAMS 0x00000000a1e00000, 0x00000000a1e00000| Complete 
|   1|0x00000000a1f00000, 0x00000000a2000000, 0x00000000a2000000|100%| O|  |TAMS 0x00000000a1f00000, 0x00000000a1f00000| Untracked 
|   2|0x00000000a2000000, 0x00000000a2100000, 0x00000000a2100000|100%| O|  |TAMS 0x00000000a2000000, 0x00000000a2000000| Untracked 
|   3|0x00000000a2100000, 0x00000000a2200000, 0x00000000a2200000|100%| O|  |TAMS 0x00000000a2100000, 0x00000000a2100000| Untracked 
|   4|0x00000000a2200000, 0x00000000a2300000, 0x00000000a2300000|100%| O|  |TAMS 0x00000000a2200000, 0x00000000a2200000| Untracked 
|   5|0x00000000a2300000, 0x00000000a2400000, 0x00000000a2400000|100%| O|  |TAMS 0x00000000a2300000, 0x00000000a2300000| Untracked 
|   6|0x00000000a2400000, 0x00000000a2500000, 0x00000000a2500000|100%| O|  |TAMS 0x00000000a2400000, 0x00000000a2400000| Untracked 
|   7|0x00000000a2500000, 0x00000000a254be00, 0x00000000a2600000| 29%| O|  |TAMS 0x00000000a2500000, 0x00000000a2500000| Untracked 
|   8|0x00000000a2600000, 0x00000000a2600000, 0x00000000a2700000|  0%| F|  |TAMS 0x00000000a2600000, 0x00000000a2600000| Untracked 
|   9|0x00000000a2700000, 0x00000000a2700000, 0x00000000a2800000|  0%| F|  |TAMS 0x00000000a2700000, 0x00000000a2700000| Untracked 
|  10|0x00000000a2800000, 0x00000000a2800000, 0x00000000a2900000|  0%| F|  |TAMS 0x00000000a2800000, 0x00000000a2800000| Untracked 
|  11|0x00000000a2900000, 0x00000000a2900000, 0x00000000a2a00000|  0%| F|  |TAMS 0x00000000a2900000, 0x00000000a2900000| Untracked 
|  12|0x00000000a2a00000, 0x00000000a2a00000, 0x00000000a2b00000|  0%| F|  |TAMS 0x00000000a2a00000, 0x00000000a2a00000| Untracked 
|  13|0x00000000a2b00000, 0x00000000a2b00000, 0x00000000a2c00000|  0%| F|  |TAMS 0x00000000a2b00000, 0x00000000a2b00000| Untracked 
|  14|0x00000000a2c00000, 0x00000000a2c00000, 0x00000000a2d00000|  0%| F|  |TAMS 0x00000000a2c00000, 0x00000000a2c00000| Untracked 
|  15|0x00000000a2d00000, 0x00000000a2d00000, 0x00000000a2e00000|  0%| F|  |TAMS 0x00000000a2d00000, 0x00000000a2d00000| Untracked 
|  16|0x00000000a2e00000, 0x00000000a2e00000, 0x00000000a2f00000|  0%| F|  |TAMS 0x00000000a2e00000, 0x00000000a2e00000| Untracked 
|  17|0x00000000a2f00000, 0x00000000a2f00000, 0x00000000a3000000|  0%| F|  |TAMS 0x00000000a2f00000, 0x00000000a2f00000| Untracked 
|  18|0x00000000a3000000, 0x00000000a3000000, 0x00000000a3100000|  0%| F|  |TAMS 0x00000000a3000000, 0x00000000a3000000| Untracked 
|  19|0x00000000a3100000, 0x00000000a3100000, 0x00000000a3200000|  0%| F|  |TAMS 0x00000000a3100000, 0x00000000a3100000| Untracked 
|  20|0x00000000a3200000, 0x00000000a3200000, 0x00000000a3300000|  0%| F|  |TAMS 0x00000000a3200000, 0x00000000a3200000| Untracked 
|  21|0x00000000a3300000, 0x00000000a3300000, 0x00000000a3400000|  0%| F|  |TAMS 0x00000000a3300000, 0x00000000a3300000| Untracked 
|  22|0x00000000a3400000, 0x00000000a3400000, 0x00000000a3500000|  0%| F|  |TAMS 0x00000000a3400000, 0x00000000a3400000| Untracked 
|  23|0x00000000a3500000, 0x00000000a3500000, 0x00000000a3600000|  0%| F|  |TAMS 0x00000000a3500000, 0x00000000a3500000| Untracked 
|  24|0x00000000a3600000, 0x00000000a3600000, 0x00000000a3700000|  0%| F|  |TAMS 0x00000000a3600000, 0x00000000a3600000| Untracked 
|  25|0x00000000a3700000, 0x00000000a3700000, 0x00000000a3800000|  0%| F|  |TAMS 0x00000000a3700000, 0x00000000a3700000| Untracked 
|  26|0x00000000a3800000, 0x00000000a3800000, 0x00000000a3900000|  0%| F|  |TAMS 0x00000000a3800000, 0x00000000a3800000| Untracked 
|  27|0x00000000a3900000, 0x00000000a3900000, 0x00000000a3a00000|  0%| F|  |TAMS 0x00000000a3900000, 0x00000000a3900000| Untracked 
|  28|0x00000000a3a00000, 0x00000000a3a00000, 0x00000000a3b00000|  0%| F|  |TAMS 0x00000000a3a00000, 0x00000000a3a00000| Untracked 
|  29|0x00000000a3b00000, 0x00000000a3b00000, 0x00000000a3c00000|  0%| F|  |TAMS 0x00000000a3b00000, 0x00000000a3b00000| Untracked 
|  30|0x00000000a3c00000, 0x00000000a3c00000, 0x00000000a3d00000|  0%| F|  |TAMS 0x00000000a3c00000, 0x00000000a3c00000| Untracked 
|  31|0x00000000a3d00000, 0x00000000a3d00000, 0x00000000a3e00000|  0%| F|  |TAMS 0x00000000a3d00000, 0x00000000a3d00000| Untracked 
|  32|0x00000000a3e00000, 0x00000000a3e00000, 0x00000000a3f00000|  0%| F|  |TAMS 0x00000000a3e00000, 0x00000000a3e00000| Untracked 
|  33|0x00000000a3f00000, 0x00000000a3f00000, 0x00000000a4000000|  0%| F|  |TAMS 0x00000000a3f00000, 0x00000000a3f00000| Untracked 
|  34|0x00000000a4000000, 0x00000000a4000000, 0x00000000a4100000|  0%| F|  |TAMS 0x00000000a4000000, 0x00000000a4000000| Untracked 
|  35|0x00000000a4100000, 0x00000000a4100000, 0x00000000a4200000|  0%| F|  |TAMS 0x00000000a4100000, 0x00000000a4100000| Untracked 
|  36|0x00000000a4200000, 0x00000000a4200000, 0x00000000a4300000|  0%| F|  |TAMS 0x00000000a4200000, 0x00000000a4200000| Untracked 
|  37|0x00000000a4300000, 0x00000000a4300000, 0x00000000a4400000|  0%| F|  |TAMS 0x00000000a4300000, 0x00000000a4300000| Untracked 
|  38|0x00000000a4400000, 0x00000000a4400000, 0x00000000a4500000|  0%| F|  |TAMS 0x00000000a4400000, 0x00000000a4400000| Untracked 
|  39|0x00000000a4500000, 0x00000000a4500000, 0x00000000a4600000|  0%| F|  |TAMS 0x00000000a4500000, 0x00000000a4500000| Untracked 
|  40|0x00000000a4600000, 0x00000000a4680800, 0x00000000a4700000| 50%| E|  |TAMS 0x00000000a4600000, 0x00000000a4600000| Complete 
|  41|0x00000000a4700000, 0x00000000a4800000, 0x00000000a4800000|100%| E|CS|TAMS 0x00000000a4700000, 0x00000000a4700000| Complete 
|  42|0x00000000a4800000, 0x00000000a4900000, 0x00000000a4900000|100%| E|CS|TAMS 0x00000000a4800000, 0x00000000a4800000| Complete 
|  43|0x00000000a4900000, 0x00000000a4a00000, 0x00000000a4a00000|100%| E|CS|TAMS 0x00000000a4900000, 0x00000000a4900000| Complete 
|  44|0x00000000a4a00000, 0x00000000a4b00000, 0x00000000a4b00000|100%| E|CS|TAMS 0x00000000a4a00000, 0x00000000a4a00000| Complete 
|  45|0x00000000a4b00000, 0x00000000a4c00000, 0x00000000a4c00000|100%| E|CS|TAMS 0x00000000a4b00000, 0x00000000a4b00000| Complete 
|  46|0x00000000a4c00000, 0x00000000a4d00000, 0x00000000a4d00000|100%| E|CS|TAMS 0x00000000a4c00000, 0x00000000a4c00000| Complete 
|  47|0x00000000a4d00000, 0x00000000a4e00000, 0x00000000a4e00000|100%| E|CS|TAMS 0x00000000a4d00000, 0x00000000a4d00000| Complete 
|  48|0x00000000a4e00000, 0x00000000a4f00000, 0x00000000a4f00000|100%| E|CS|TAMS 0x00000000a4e00000, 0x00000000a4e00000| Complete 
|  49|0x00000000a4f00000, 0x00000000a5000000, 0x00000000a5000000|100%| E|CS|TAMS 0x00000000a4f00000, 0x00000000a4f00000| Complete 
|  50|0x00000000a5000000, 0x00000000a5100000, 0x00000000a5100000|100%| E|CS|TAMS 0x00000000a5000000, 0x00000000a5000000| Complete 
|  51|0x00000000a5100000, 0x00000000a5200000, 0x00000000a5200000|100%| E|CS|TAMS 0x00000000a5100000, 0x00000000a5100000| Complete 
|  52|0x00000000a5200000, 0x00000000a5300000, 0x00000000a5300000|100%| E|CS|TAMS 0x00000000a5200000, 0x00000000a5200000| Complete 
|  53|0x00000000a5300000, 0x00000000a5400000, 0x00000000a5400000|100%| E|CS|TAMS 0x00000000a5300000, 0x00000000a5300000| Complete 
|  54|0x00000000a5400000, 0x00000000a5500000, 0x00000000a5500000|100%| E|CS|TAMS 0x00000000a5400000, 0x00000000a5400000| Complete 
|  55|0x00000000a5500000, 0x00000000a5600000, 0x00000000a5600000|100%| E|CS|TAMS 0x00000000a5500000, 0x00000000a5500000| Complete 
|  56|0x00000000a5600000, 0x00000000a5700000, 0x00000000a5700000|100%| E|CS|TAMS 0x00000000a5600000, 0x00000000a5600000| Complete 
|  57|0x00000000a5700000, 0x00000000a5800000, 0x00000000a5800000|100%| E|CS|TAMS 0x00000000a5700000, 0x00000000a5700000| Complete 
|  58|0x00000000a5800000, 0x00000000a5900000, 0x00000000a5900000|100%| E|CS|TAMS 0x00000000a5800000, 0x00000000a5800000| Complete 
|  59|0x00000000a5900000, 0x00000000a5a00000, 0x00000000a5a00000|100%| E|CS|TAMS 0x00000000a5900000, 0x00000000a5900000| Complete 
|  60|0x00000000a5a00000, 0x00000000a5b00000, 0x00000000a5b00000|100%| E|CS|TAMS 0x00000000a5a00000, 0x00000000a5a00000| Complete 
|  61|0x00000000a5b00000, 0x00000000a5c00000, 0x00000000a5c00000|100%| E|CS|TAMS 0x00000000a5b00000, 0x00000000a5b00000| Complete 
|  62|0x00000000a5c00000, 0x00000000a5d00000, 0x00000000a5d00000|100%| E|CS|TAMS 0x00000000a5c00000, 0x00000000a5c00000| Complete 
|  63|0x00000000a5d00000, 0x00000000a5e00000, 0x00000000a5e00000|100%| E|CS|TAMS 0x00000000a5d00000, 0x00000000a5d00000| Complete 
|  64|0x00000000a5e00000, 0x00000000a5e10a50, 0x00000000a5f00000|  6%| S|CS|TAMS 0x00000000a5e00000, 0x00000000a5e00000| Complete 
|  65|0x00000000a5f00000, 0x00000000a6000000, 0x00000000a6000000|100%| E|CS|TAMS 0x00000000a5f00000, 0x00000000a5f00000| Complete 
|  66|0x00000000a6000000, 0x00000000a6100000, 0x00000000a6100000|100%| E|CS|TAMS 0x00000000a6000000, 0x00000000a6000000| Complete 
|  67|0x00000000a6100000, 0x00000000a6200000, 0x00000000a6200000|100%| E|CS|TAMS 0x00000000a6100000, 0x00000000a6100000| Complete 
|  68|0x00000000a6200000, 0x00000000a6300000, 0x00000000a6300000|100%| E|CS|TAMS 0x00000000a6200000, 0x00000000a6200000| Complete 
|  69|0x00000000a6300000, 0x00000000a6400000, 0x00000000a6400000|100%| E|CS|TAMS 0x00000000a6300000, 0x00000000a6300000| Complete 
|  70|0x00000000a6400000, 0x00000000a6500000, 0x00000000a6500000|100%| E|CS|TAMS 0x00000000a6400000, 0x00000000a6400000| Complete 
|  71|0x00000000a6500000, 0x00000000a6600000, 0x00000000a6600000|100%| E|CS|TAMS 0x00000000a6500000, 0x00000000a6500000| Complete 
|  72|0x00000000a6600000, 0x00000000a6700000, 0x00000000a6700000|100%| E|CS|TAMS 0x00000000a6600000, 0x00000000a6600000| Complete 
|  73|0x00000000a6700000, 0x00000000a6800000, 0x00000000a6800000|100%| E|CS|TAMS 0x00000000a6700000, 0x00000000a6700000| Complete 
|  74|0x00000000a6800000, 0x00000000a6900000, 0x00000000a6900000|100%| E|CS|TAMS 0x00000000a6800000, 0x00000000a6800000| Complete 
|  75|0x00000000a6900000, 0x00000000a6a00000, 0x00000000a6a00000|100%| E|CS|TAMS 0x00000000a6900000, 0x00000000a6900000| Complete 
|  76|0x00000000a6a00000, 0x00000000a6b00000, 0x00000000a6b00000|100%| E|CS|TAMS 0x00000000a6a00000, 0x00000000a6a00000| Complete 
|  77|0x00000000a6b00000, 0x00000000a6c00000, 0x00000000a6c00000|100%| E|CS|TAMS 0x00000000a6b00000, 0x00000000a6b00000| Complete 
|  78|0x00000000a6c00000, 0x00000000a6d00000, 0x00000000a6d00000|100%| E|CS|TAMS 0x00000000a6c00000, 0x00000000a6c00000| Complete 
|  79|0x00000000a6d00000, 0x00000000a6e00000, 0x00000000a6e00000|100%| E|CS|TAMS 0x00000000a6d00000, 0x00000000a6d00000| Complete 
|  80|0x00000000a6e00000, 0x00000000a6f00000, 0x00000000a6f00000|100%| E|CS|TAMS 0x00000000a6e00000, 0x00000000a6e00000| Complete 
|  81|0x00000000a6f00000, 0x00000000a7000000, 0x00000000a7000000|100%| E|CS|TAMS 0x00000000a6f00000, 0x00000000a6f00000| Complete 
|  82|0x00000000a7000000, 0x00000000a7100000, 0x00000000a7100000|100%| E|CS|TAMS 0x00000000a7000000, 0x00000000a7000000| Complete 
|  83|0x00000000a7100000, 0x00000000a7200000, 0x00000000a7200000|100%| E|CS|TAMS 0x00000000a7100000, 0x00000000a7100000| Complete 
|  84|0x00000000a7200000, 0x00000000a7300000, 0x00000000a7300000|100%| E|CS|TAMS 0x00000000a7200000, 0x00000000a7200000| Complete 
|  85|0x00000000a7300000, 0x00000000a7400000, 0x00000000a7400000|100%| E|CS|TAMS 0x00000000a7300000, 0x00000000a7300000| Complete 
|  86|0x00000000a7400000, 0x00000000a7500000, 0x00000000a7500000|100%| E|CS|TAMS 0x00000000a7400000, 0x00000000a7400000| Complete 
|  87|0x00000000a7500000, 0x00000000a7600000, 0x00000000a7600000|100%| E|CS|TAMS 0x00000000a7500000, 0x00000000a7500000| Complete 
|  88|0x00000000a7600000, 0x00000000a7700000, 0x00000000a7700000|100%| E|CS|TAMS 0x00000000a7600000, 0x00000000a7600000| Complete 
|  89|0x00000000a7700000, 0x00000000a7800000, 0x00000000a7800000|100%| E|CS|TAMS 0x00000000a7700000, 0x00000000a7700000| Complete 
|  90|0x00000000a7800000, 0x00000000a7900000, 0x00000000a7900000|100%| E|CS|TAMS 0x00000000a7800000, 0x00000000a7800000| Complete 
|  91|0x00000000a7900000, 0x00000000a7a00000, 0x00000000a7a00000|100%| E|CS|TAMS 0x00000000a7900000, 0x00000000a7900000| Complete 
|  92|0x00000000a7a00000, 0x00000000a7b00000, 0x00000000a7b00000|100%| E|CS|TAMS 0x00000000a7a00000, 0x00000000a7a00000| Complete 
|  93|0x00000000a7b00000, 0x00000000a7c00000, 0x00000000a7c00000|100%| E|CS|TAMS 0x00000000a7b00000, 0x00000000a7b00000| Complete 
|  94|0x00000000a7c00000, 0x00000000a7d00000, 0x00000000a7d00000|100%| E|CS|TAMS 0x00000000a7c00000, 0x00000000a7c00000| Complete 
|  95|0x00000000a7d00000, 0x00000000a7e00000, 0x00000000a7e00000|100%| E|CS|TAMS 0x00000000a7d00000, 0x00000000a7d00000| Complete 

Card table byte_map: [0x000001acf1090000,0x000001acf1390000] _byte_map_base: 0x000001acf0b81000

Marking Bits (Prev, Next): (CMBitMap*) 0x000001acda294de0, (CMBitMap*) 0x000001acda294e20
 Prev Bits: [0x000001acf1690000, 0x000001acf2e18000)
 Next Bits: [0x000001acf2e20000, 0x000001acf45a8000)

Polling page: 0x000001acd83f0000

Metaspace:

Usage:
  Non-class:     13.12 MB used.
      Class:      1.94 MB used.
       Both:     15.07 MB used.

Virtual space:
  Non-class space:       16.00 MB reserved,      13.25 MB ( 83%) committed,  2 nodes.
      Class space:        1.00 GB reserved,       2.06 MB ( <1%) committed,  1 nodes.
             Both:        1.02 GB reserved,      15.31 MB (  1%) committed. 

Chunk freelists:
   Non-Class:  2.00 MB
       Class:  1.95 MB
        Both:  3.95 MB

MaxMetaspaceSize: unlimited
CompressedClassSpaceSize: 1.00 GB
Initial GC threshold: 21.00 MB
Current GC threshold: 21.00 MB
CDS: on
MetaspaceReclaimPolicy: balanced
 - commit_granule_bytes: 65536.
 - commit_granule_words: 8192.
 - virtual_space_node_default_size: 1048576.
 - enlarge_chunks_in_place: 1.
 - new_chunks_are_fully_committed: 0.
 - uncommit_free_chunks: 1.
 - use_allocation_guard: 0.
 - handle_deallocations: 1.


Internal statistics:

num_allocs_failed_limit: 0.
num_arena_births: 182.
num_arena_deaths: 0.
num_vsnodes_births: 3.
num_vsnodes_deaths: 0.
num_space_committed: 245.
num_space_uncommitted: 0.
num_chunks_returned_to_freelist: 0.
num_chunks_taken_from_freelist: 649.
num_chunk_merges: 0.
num_chunk_splits: 457.
num_chunks_enlarged: 365.
num_purges: 0.
num_inconsistent_stats: 0.

CodeHeap 'non-profiled nmethods': size=120000Kb used=815Kb max_used=815Kb free=119185Kb
 bounds [0x000001ace9530000, 0x000001ace97a0000, 0x000001acf0a60000]
CodeHeap 'profiled nmethods': size=120000Kb used=4131Kb max_used=4131Kb free=115868Kb
 bounds [0x000001ace2000000, 0x000001ace2410000, 0x000001ace9530000]
CodeHeap 'non-nmethods': size=5760Kb used=1172Kb max_used=1193Kb free=4588Kb
 bounds [0x000001ace1a60000, 0x000001ace1cd0000, 0x000001ace2000000]
 total_blobs=2630 nmethods=2169 adapters=373
 compilation: enabled
              stopped_count=0, restarted_count=0
 full_count=0

Compilation events (20 events):
Event: 2.105 Thread 0x000001acf6f8cfb0 2116       3       java.util.zip.ZipUtils::get16 (21 bytes)
Event: 2.105 Thread 0x000001acf6f8cfb0 nmethod 2116 0x000001ace23e7210 code [0x000001ace23e73a0, 0x000001ace23e74f8]
Event: 2.105 Thread 0x000001acf6f8cfb0 2117       3       sun.reflect.generics.parser.SignatureParser::parseTypeSignature (130 bytes)
Event: 2.105 Thread 0x000001acf6f8cfb0 nmethod 2117 0x000001ace23e7610 code [0x000001ace23e77e0, 0x000001ace23e7c88]
Event: 2.105 Thread 0x000001acf6f8cfb0 2119       3       org.springframework.util.ConcurrentReferenceHashMap$Task::<init> (34 bytes)
Event: 2.106 Thread 0x000001acf6f8cfb0 nmethod 2119 0x000001ace23e7d90 code [0x000001ace23e7f60, 0x000001ace23e8278]
Event: 2.106 Thread 0x000001acf6f8cfb0 2120       3       org.springframework.util.ConcurrentReferenceHashMap::doTask (18 bytes)
Event: 2.106 Thread 0x000001acf6f8cfb0 nmethod 2120 0x000001ace23e8390 code [0x000001ace23e8540, 0x000001ace23e8778]
Event: 2.106 Thread 0x000001acf6f8cfb0 2122       3       java.util.Collections::singletonList (9 bytes)
Event: 2.106 Thread 0x000001acf6f8cfb0 nmethod 2122 0x000001ace23e8910 code [0x000001ace23e8ac0, 0x000001ace23e8dd8]
Event: 2.106 Thread 0x000001acf6f8cfb0 2123       3       java.util.Collections$SingletonList::<init> (10 bytes)
Event: 2.107 Thread 0x000001acf6f8cfb0 nmethod 2123 0x000001ace23e8f10 code [0x000001ace23e90c0, 0x000001ace23e9358]
Event: 2.107 Thread 0x000001acf6f8cfb0 2124       3       java.lang.PublicMethods$MethodList::merge (192 bytes)
Event: 2.108 Thread 0x000001acf6f8cfb0 nmethod 2124 0x000001ace23e9490 code [0x000001ace23e9700, 0x000001ace23ea1e8]
Event: 2.108 Thread 0x000001acf6f8cfb0 2125       3       jdk.internal.org.objectweb.asm.SymbolTable::addUninitializedType (103 bytes)
Event: 2.108 Thread 0x000001acf6f8cfb0 nmethod 2125 0x000001ace23ea590 code [0x000001ace23ea7a0, 0x000001ace23ead58]
Event: 2.109 Thread 0x000001acf6f8cfb0 2127       3       jdk.internal.misc.Unsafe::checkNativeAddress (28 bytes)
Event: 2.109 Thread 0x000001acf6f8cfb0 nmethod 2127 0x000001ace23eb010 code [0x000001ace23eb1a0, 0x000001ace23eb2b8]
Event: 2.109 Thread 0x000001acf6f8cfb0 2126       1       org.springframework.util.ConcurrentReferenceHashMap$SoftEntryReference::getNext (5 bytes)
Event: 2.109 Thread 0x000001acf6f8cfb0 nmethod 2126 0x000001ace95f5f90 code [0x000001ace95f6120, 0x000001ace95f61f8]

GC Heap History (4 events):
Event: 0.944 GC heap before
{Heap before GC invocations=0 (full 0):
 garbage-first heap   total 98304K, used 23552K [0x00000000a1e00000, 0x0000000100000000)
  region size 1024K, 23 young (23552K), 0 survivors (0K)
 Metaspace       used 4197K, committed 4416K, reserved 1056768K
  class space    used 450K, committed 576K, reserved 1048576K
}
Event: 0.953 GC heap after
{Heap after GC invocations=1 (full 0):
 garbage-first heap   total 98304K, used 7561K [0x00000000a1e00000, 0x0000000100000000)
  region size 1024K, 3 young (3072K), 3 survivors (3072K)
 Metaspace       used 4197K, committed 4416K, reserved 1056768K
  class space    used 450K, committed 576K, reserved 1048576K
}
Event: 0.962 GC heap before
{Heap before GC invocations=1 (full 0):
 garbage-first heap   total 98304K, used 35209K [0x00000000a1e00000, 0x0000000100000000)
  region size 1024K, 31 young (31744K), 3 survivors (3072K)
 Metaspace       used 4197K, committed 4416K, reserved 1056768K
  class space    used 450K, committed 576K, reserved 1048576K
}
Event: 0.966 GC heap after
{Heap after GC invocations=2 (full 0):
 garbage-first heap   total 98304K, used 7538K [0x00000000a1e00000, 0x0000000100000000)
  region size 1024K, 1 young (1024K), 1 survivors (1024K)
 Metaspace       used 4197K, committed 4416K, reserved 1056768K
  class space    used 450K, committed 576K, reserved 1048576K
}

Deoptimization events (20 events):
Event: 1.934 Thread 0x000001acf87f6dc0 Uncommon trap: trap_request=0xffffff45 fr.pc=0x000001ace9558134 relative=0x0000000000000214
Event: 1.934 Thread 0x000001acf87f6dc0 Uncommon trap: reason=unstable_if action=reinterpret pc=0x000001ace9558134 method=java.util.StringTokenizer.scanToken(I)I @ 42 c2
Event: 1.934 Thread 0x000001acf87f6dc0 DEOPT PACKING pc=0x000001ace9558134 sp=0x00000061508fd8d0
Event: 1.934 Thread 0x000001acf87f6dc0 DEOPT UNPACKING pc=0x000001ace1ab23a3 sp=0x00000061508fd860 mode 2
Event: 1.988 Thread 0x000001acf87f6dc0 Uncommon trap: trap_request=0xffffff45 fr.pc=0x000001ace95ac9a8 relative=0x0000000000001048
Event: 1.988 Thread 0x000001acf87f6dc0 Uncommon trap: reason=unstable_if action=reinterpret pc=0x000001ace95ac9a8 method=jdk.internal.org.objectweb.asm.SymbolTable.put(Ljdk/internal/org/objectweb/asm/SymbolTable$Entry;)Ljdk/internal/org/objectweb/asm/SymbolTable$Entry; @ 13 c2
Event: 1.988 Thread 0x000001acf87f6dc0 DEOPT PACKING pc=0x000001ace95ac9a8 sp=0x00000061508fc6f0
Event: 1.988 Thread 0x000001acf87f6dc0 DEOPT UNPACKING pc=0x000001ace1ab23a3 sp=0x00000061508fc638 mode 2
Event: 2.006 Thread 0x000001acf88bb7b0 Uncommon trap: trap_request=0xffffffc6 fr.pc=0x000001ace95a8b10 relative=0x0000000000000790
Event: 2.006 Thread 0x000001acf88bb7b0 Uncommon trap: reason=bimorphic_or_optimized_type_check action=maybe_recompile pc=0x000001ace95a8b10 method=java.util.HashMap.putVal(ILjava/lang/Object;Ljava/lang/Object;ZZ)Ljava/lang/Object; @ 91 c2
Event: 2.006 Thread 0x000001acf88bb7b0 DEOPT PACKING pc=0x000001ace95a8b10 sp=0x00000061509fe860
Event: 2.006 Thread 0x000001acf88bb7b0 DEOPT UNPACKING pc=0x000001ace1ab23a3 sp=0x00000061509fe7f0 mode 2
Event: 2.006 Thread 0x000001acf88bb7b0 Uncommon trap: trap_request=0xffffffc6 fr.pc=0x000001ace95a8b10 relative=0x0000000000000790
Event: 2.006 Thread 0x000001acf88bb7b0 Uncommon trap: reason=bimorphic_or_optimized_type_check action=maybe_recompile pc=0x000001ace95a8b10 method=java.util.HashMap.putVal(ILjava/lang/Object;Ljava/lang/Object;ZZ)Ljava/lang/Object; @ 91 c2
Event: 2.006 Thread 0x000001acf88bb7b0 DEOPT PACKING pc=0x000001ace95a8b10 sp=0x00000061509fe860
Event: 2.006 Thread 0x000001acf88bb7b0 DEOPT UNPACKING pc=0x000001ace1ab23a3 sp=0x00000061509fe7f0 mode 2
Event: 2.010 Thread 0x000001acf88bb7b0 Uncommon trap: trap_request=0xffffffc6 fr.pc=0x000001ace95edb88 relative=0x0000000000000808
Event: 2.010 Thread 0x000001acf88bb7b0 Uncommon trap: reason=bimorphic_or_optimized_type_check action=maybe_recompile pc=0x000001ace95edb88 method=java.util.HashMap.putVal(ILjava/lang/Object;Ljava/lang/Object;ZZ)Ljava/lang/Object; @ 91 c2
Event: 2.010 Thread 0x000001acf88bb7b0 DEOPT PACKING pc=0x000001ace95edb88 sp=0x00000061509fe990
Event: 2.010 Thread 0x000001acf88bb7b0 DEOPT UNPACKING pc=0x000001ace1ab23a3 sp=0x00000061509fe8a0 mode 2

Classes unloaded (0 events):
No events

Classes redefined (0 events):
No events

Internal exceptions (20 events):
Event: 1.545 Thread 0x000001acf87f6dc0 Exception <a 'java/lang/NoSuchMethodError'{0x00000000a6764408}: 'void java.lang.invoke.DirectMethodHandle$Holder.invokeVirtual(java.lang.Object, java.lang.Object, java.lang.Object, java.lang.Object)'> (0x00000000a6764408) 
thrown [t:\workspace\open\src\hotspot\share\interpreter\linkResolver.cpp, line 766]
Event: 1.606 Thread 0x000001acf87f6dc0 Exception <a 'java/lang/NoSuchMethodError'{0x00000000a669a8c0}: 'void java.lang.invoke.DirectMethodHandle$Holder.invokeSpecial(java.lang.Object, java.lang.Object, java.lang.Object)'> (0x00000000a669a8c0) 
thrown [t:\workspace\open\src\hotspot\share\interpreter\linkResolver.cpp, line 766]
Event: 1.607 Thread 0x000001acf87f6dc0 Exception <a 'java/lang/NoSuchMethodError'{0x00000000a66a0f60}: 'void java.lang.invoke.DirectMethodHandle$Holder.invokeSpecial(java.lang.Object, java.lang.Object, java.lang.Object, java.lang.Object, java.lang.Object)'> (0x00000000a66a0f60) 
thrown [t:\workspace\open\src\hotspot\share\interpreter\linkResolver.cpp, line 766]
Event: 1.887 Thread 0x000001acf87f6dc0 Exception <a 'java/lang/ClassNotFoundException'{0x00000000a5537900}: java/lang/ObjectCustomizer> (0x00000000a5537900) 
thrown [t:\workspace\open\src\hotspot\share\classfile\systemDictionary.cpp, line 256]
Event: 1.892 Thread 0x000001acf87f6dc0 Exception <a 'java/lang/IncompatibleClassChangeError'{0x00000000a553c7a0}: Found class java.lang.Object, but interface was expected> (0x00000000a553c7a0) 
thrown [t:\workspace\open\src\hotspot\share\interpreter\linkResolver.cpp, line 833]
Event: 1.896 Thread 0x000001acf87f6dc0 Exception <a 'java/lang/ClassNotFoundException'{0x00000000a5555168}: org/springframework/context/annotation/ConfigurationClassPostProcessorCustomizer> (0x00000000a5555168) 
thrown [t:\workspace\open\src\hotspot\share\classfile\systemDictionary.cpp, line 256]
Event: 1.899 Thread 0x000001acf87f6dc0 Exception <a 'java/lang/ClassNotFoundException'{0x00000000a5573680}: org/springframework/beans/factory/support/BeanDefinitionRegistryPostProcessorCustomizer> (0x00000000a5573680) 
thrown [t:\workspace\open\src\hotspot\share\classfile\systemDictionary.cpp, line 256]
Event: 1.900 Thread 0x000001acf87f6dc0 Exception <a 'java/lang/ClassNotFoundException'{0x00000000a55784c8}: org/springframework/beans/factory/config/BeanFactoryPostProcessorCustomizer> (0x00000000a55784c8) 
thrown [t:\workspace\open\src\hotspot\share\classfile\systemDictionary.cpp, line 256]
Event: 1.900 Thread 0x000001acf87f6dc0 Exception <a 'java/lang/ClassNotFoundException'{0x00000000a557d128}: org/springframework/core/PriorityOrderedCustomizer> (0x00000000a557d128) 
thrown [t:\workspace\open\src\hotspot\share\classfile\systemDictionary.cpp, line 256]
Event: 1.901 Thread 0x000001acf87f6dc0 Exception <a 'java/lang/ClassNotFoundException'{0x00000000a55809f0}: org/springframework/core/OrderedCustomizer> (0x00000000a55809f0) 
thrown [t:\workspace\open\src\hotspot\share\classfile\systemDictionary.cpp, line 256]
Event: 1.902 Thread 0x000001acf87f6dc0 Exception <a 'java/lang/ClassNotFoundException'{0x00000000a54827f8}: org/springframework/context/ResourceLoaderAwareCustomizer> (0x00000000a54827f8) 
thrown [t:\workspace\open\src\hotspot\share\classfile\systemDictionary.cpp, line 256]
Event: 1.903 Thread 0x000001acf87f6dc0 Exception <a 'java/lang/ClassNotFoundException'{0x00000000a5487420}: org/springframework/beans/factory/AwareCustomizer> (0x00000000a5487420) 
thrown [t:\workspace\open\src\hotspot\share\classfile\systemDictionary.cpp, line 256]
Event: 1.903 Thread 0x000001acf87f6dc0 Exception <a 'java/lang/ClassNotFoundException'{0x00000000a548b020}: org/springframework/context/ApplicationStartupAwareCustomizer> (0x00000000a548b020) 
thrown [t:\workspace\open\src\hotspot\share\classfile\systemDictionary.cpp, line 256]
Event: 1.904 Thread 0x000001acf87f6dc0 Exception <a 'java/lang/ClassNotFoundException'{0x00000000a548fed0}: org/springframework/beans/factory/AwareCustomizer> (0x00000000a548fed0) 
thrown [t:\workspace\open\src\hotspot\share\classfile\systemDictionary.cpp, line 256]
Event: 1.906 Thread 0x000001acf87f6dc0 Exception <a 'java/lang/ClassNotFoundException'{0x00000000a5493aa0}: org/springframework/beans/factory/BeanClassLoaderAwareCustomizer> (0x00000000a5493aa0) 
thrown [t:\workspace\open\src\hotspot\share\classfile\systemDictionary.cpp, line 256]
Event: 1.906 Thread 0x000001acf87f6dc0 Exception <a 'java/lang/ClassNotFoundException'{0x00000000a54986b0}: org/springframework/beans/factory/AwareCustomizer> (0x00000000a54986b0) 
thrown [t:\workspace\open\src\hotspot\share\classfile\systemDictionary.cpp, line 256]
Event: 1.907 Thread 0x000001acf87f6dc0 Exception <a 'java/lang/ClassNotFoundException'{0x00000000a549c080}: org/springframework/context/EnvironmentAwareCustomizer> (0x00000000a549c080) 
thrown [t:\workspace\open\src\hotspot\share\classfile\systemDictionary.cpp, line 256]
Event: 1.908 Thread 0x000001acf87f6dc0 Exception <a 'java/lang/ClassNotFoundException'{0x00000000a54a0c28}: org/springframework/beans/factory/AwareCustomizer> (0x00000000a54a0c28) 
thrown [t:\workspace\open\src\hotspot\share\classfile\systemDictionary.cpp, line 256]
Event: 2.057 Thread 0x000001acf88bb7b0 Exception <a 'java/lang/NoSuchMethodError'{0x00000000a4b23920}: 'java.lang.Object java.lang.invoke.DirectMethodHandle$Holder.invokeStaticInit(java.lang.Object, java.lang.Object, java.lang.Object)'> (0x00000000a4b23920) 
thrown [t:\workspace\open\src\hotspot\share\interpreter\linkResolver.cpp, line 766]
Event: 2.058 Thread 0x000001acf88bb7b0 Exception <a 'java/lang/NoSuchMethodError'{0x00000000a4b29810}: 'java.lang.Object java.lang.invoke.DirectMethodHandle$Holder.invokeStaticInit(java.lang.Object, java.lang.Object, java.lang.Object, java.lang.Object, java.lang.Object)'> (0x00000000a4b29810) 
thrown [t:\workspace\open\src\hotspot\share\interpreter\linkResolver.cpp, line 766]

VM Operations (20 events):
Event: 1.103 Executing VM operation: HandshakeAllThreads
Event: 1.103 Executing VM operation: HandshakeAllThreads done
Event: 1.389 Executing VM operation: HandshakeAllThreads
Event: 1.389 Executing VM operation: HandshakeAllThreads done
Event: 1.472 Executing VM operation: HandshakeAllThreads
Event: 1.472 Executing VM operation: HandshakeAllThreads done
Event: 1.604 Executing VM operation: ICBufferFull
Event: 1.605 Executing VM operation: ICBufferFull done
Event: 1.805 Executing VM operation: HandshakeAllThreads
Event: 1.805 Executing VM operation: HandshakeAllThreads done
Event: 1.824 Executing VM operation: HandshakeAllThreads
Event: 1.824 Executing VM operation: HandshakeAllThreads done
Event: 1.826 Executing VM operation: HandshakeAllThreads
Event: 1.826 Executing VM operation: HandshakeAllThreads done
Event: 1.851 Executing VM operation: HandshakeAllThreads
Event: 1.851 Executing VM operation: HandshakeAllThreads done
Event: 1.925 Executing VM operation: HandshakeAllThreads
Event: 1.925 Executing VM operation: HandshakeAllThreads done
Event: 2.058 Executing VM operation: ICBufferFull
Event: 2.059 Executing VM operation: ICBufferFull done

Events (20 events):
Event: 2.072 loading class jdk/xml/internal/JdkProperty$ImplPropMap
Event: 2.072 loading class jdk/xml/internal/JdkProperty$ImplPropMap done
Event: 2.072 loading class jdk/xml/internal/JdkProperty$State
Event: 2.072 loading class jdk/xml/internal/JdkProperty$State done
Event: 2.072 loading class com/sun/org/apache/xalan/internal/utils/XMLSecurityPropertyManager
Event: 2.073 loading class com/sun/org/apache/xalan/internal/utils/FeaturePropertyBase
Event: 2.073 loading class com/sun/org/apache/xalan/internal/utils/FeaturePropertyBase done
Event: 2.073 loading class com/sun/org/apache/xalan/internal/utils/XMLSecurityPropertyManager done
Event: 2.073 loading class com/sun/org/apache/xalan/internal/utils/FeaturePropertyBase$State
Event: 2.073 loading class com/sun/org/apache/xalan/internal/utils/FeaturePropertyBase$State done
Event: 2.073 loading class com/sun/org/apache/xalan/internal/utils/XMLSecurityPropertyManager$Property
Event: 2.073 loading class com/sun/org/apache/xalan/internal/utils/XMLSecurityPropertyManager$Property done
Event: 2.074 loading class com/sun/org/apache/xalan/internal/utils/XMLSecurityManager
Event: 2.074 loading class com/sun/org/apache/xalan/internal/utils/XMLSecurityManager done
Event: 2.074 loading class com/sun/org/apache/xalan/internal/utils/XMLSecurityManager$Limit
Event: 2.074 loading class com/sun/org/apache/xalan/internal/utils/XMLSecurityManager$Limit done
Event: 2.074 loading class com/sun/org/apache/xalan/internal/utils/XMLSecurityManager$NameMap
Event: 2.075 loading class com/sun/org/apache/xalan/internal/utils/XMLSecurityManager$NameMap done
Event: 2.075 loading class jdk/xml/internal/JdkProperty
Event: 2.075 loading class jdk/xml/internal/JdkProperty done


Dynamic libraries:
0x00007ff75f550000 - 0x00007ff75f560000 	C:\Program Files\Java\jdk-17.0.1\bin\javaw.exe
0x00007ffbfa6b0000 - 0x00007ffbfa8a8000 	C:\Windows\SYSTEM32\ntdll.dll
0x00007ffbf8fa0000 - 0x00007ffbf905f000 	C:\Windows\System32\KERNEL32.DLL
0x00007ffbf7e80000 - 0x00007ffbf8152000 	C:\Windows\System32\KERNELBASE.dll
0x00007ffbf85f0000 - 0x00007ffbf86f0000 	C:\Windows\System32\ucrtbase.dll
0x00007ffbf1bc0000 - 0x00007ffbf1bda000 	C:\Program Files\Java\jdk-17.0.1\bin\VCRUNTIME140.dll
0x00007ffbf2170000 - 0x00007ffbf2188000 	C:\Program Files\Java\jdk-17.0.1\bin\jli.dll
0x00007ffbf86f0000 - 0x00007ffbf879e000 	C:\Windows\System32\ADVAPI32.dll
0x00007ffbf8d50000 - 0x00007ffbf8dee000 	C:\Windows\System32\msvcrt.dll
0x00007ffbf9590000 - 0x00007ffbf962c000 	C:\Windows\System32\sechost.dll
0x00007ffbf93e0000 - 0x00007ffbf9505000 	C:\Windows\System32\RPCRT4.dll
0x00007ffbf89b0000 - 0x00007ffbf8b51000 	C:\Windows\System32\USER32.dll
0x00007ffbdded0000 - 0x00007ffbde16a000 	C:\Windows\WinSxS\amd64_microsoft.windows.common-controls_6595b64144ccf1df_6.0.19041.1110_none_60b5254171f9507e\COMCTL32.dll
0x00007ffbf7e50000 - 0x00007ffbf7e72000 	C:\Windows\System32\win32u.dll
0x00007ffbf8bc0000 - 0x00007ffbf8beb000 	C:\Windows\System32\GDI32.dll
0x00007ffbf8420000 - 0x00007ffbf852f000 	C:\Windows\System32\gdi32full.dll
0x00007ffbf8160000 - 0x00007ffbf81fd000 	C:\Windows\System32\msvcp_win.dll
0x00007ffbf0000000 - 0x00007ffbf000a000 	C:\Windows\SYSTEM32\VERSION.dll
0x00007ffbf8970000 - 0x00007ffbf89a2000 	C:\Windows\System32\IMM32.DLL
0x00007ffbf3870000 - 0x00007ffbf387c000 	C:\Program Files\Java\jdk-17.0.1\bin\vcruntime140_1.dll
0x00007ffbcc600000 - 0x00007ffbcc68d000 	C:\Program Files\Java\jdk-17.0.1\bin\msvcp140.dll
0x00007ffbbecf0000 - 0x00007ffbbf8ae000 	C:\Program Files\Java\jdk-17.0.1\bin\server\jvm.dll
0x00007ffbf9060000 - 0x00007ffbf9068000 	C:\Windows\System32\PSAPI.DLL
0x00007ffbedd90000 - 0x00007ffbeddb7000 	C:\Windows\SYSTEM32\WINMM.dll
0x00007ffbd86c0000 - 0x00007ffbd86c9000 	C:\Windows\SYSTEM32\WSOCK32.dll
0x00007ffbf8f30000 - 0x00007ffbf8f9b000 	C:\Windows\System32\WS2_32.dll
0x00007ffbf5c60000 - 0x00007ffbf5c72000 	C:\Windows\SYSTEM32\kernel.appcore.dll
0x00007ffbf2700000 - 0x00007ffbf270a000 	C:\Program Files\Java\jdk-17.0.1\bin\jimage.dll
0x00007ffbe0110000 - 0x00007ffbe02f4000 	C:\Windows\SYSTEM32\DBGHELP.DLL
0x00007ffbdb710000 - 0x00007ffbdb745000 	C:\Windows\SYSTEM32\dbgcore.DLL
0x00007ffbf8530000 - 0x00007ffbf85b2000 	C:\Windows\System32\bcryptPrimitives.dll
0x00007ffbe5510000 - 0x00007ffbe5535000 	C:\Program Files\Java\jdk-17.0.1\bin\java.dll
0x00007ffbc8520000 - 0x00007ffbc85f6000 	C:\Program Files\Java\jdk-17.0.1\bin\svml.dll
0x00007ffbf9910000 - 0x00007ffbfa055000 	C:\Windows\System32\SHELL32.dll
0x00007ffbf5e60000 - 0x00007ffbf65f2000 	C:\Windows\SYSTEM32\windows.storage.dll
0x00007ffbf9080000 - 0x00007ffbf93d5000 	C:\Windows\System32\combase.dll
0x00007ffbf7720000 - 0x00007ffbf7750000 	C:\Windows\SYSTEM32\Wldp.dll
0x00007ffbf87a0000 - 0x00007ffbf884d000 	C:\Windows\System32\SHCORE.dll
0x00007ffbf8b60000 - 0x00007ffbf8bb5000 	C:\Windows\System32\shlwapi.dll
0x00007ffbf7ce0000 - 0x00007ffbf7cff000 	C:\Windows\SYSTEM32\profapi.dll
0x00007ffbe54b0000 - 0x00007ffbe54c9000 	C:\Program Files\Java\jdk-17.0.1\bin\net.dll
0x00007ffbe9a20000 - 0x00007ffbe9b2c000 	C:\Windows\SYSTEM32\WINHTTP.dll
0x00007ffbf7480000 - 0x00007ffbf74ea000 	C:\Windows\system32\mswsock.dll
0x00007ffbe43d0000 - 0x00007ffbe43e5000 	C:\Program Files\Java\jdk-17.0.1\bin\nio.dll
0x00007ffbf1350000 - 0x00007ffbf1368000 	C:\Program Files\Java\jdk-17.0.1\bin\zip.dll
0x00007ffbf1a30000 - 0x00007ffbf1a40000 	C:\Program Files\Java\jdk-17.0.1\bin\verify.dll
0x00007ffbf11a0000 - 0x00007ffbf11a9000 	C:\Program Files\Java\jdk-17.0.1\bin\management.dll
0x00007ffbf0bc0000 - 0x00007ffbf0bcb000 	C:\Program Files\Java\jdk-17.0.1\bin\management_ext.dll
0x00007ffbd8650000 - 0x00007ffbd8667000 	C:\Windows\system32\napinsp.dll
0x00007ffbd8610000 - 0x00007ffbd862b000 	C:\Windows\system32\pnrpnsp.dll
0x00007ffbd85f0000 - 0x00007ffbd8605000 	C:\Windows\system32\wshbth.dll
0x00007ffbf36b0000 - 0x00007ffbf36cd000 	C:\Windows\system32\NLAapi.dll
0x00007ffbf7170000 - 0x00007ffbf71ab000 	C:\Windows\SYSTEM32\IPHLPAPI.DLL
0x00007ffbf71b0000 - 0x00007ffbf727b000 	C:\Windows\SYSTEM32\DNSAPI.dll
0x00007ffbfa600000 - 0x00007ffbfa608000 	C:\Windows\System32\NSI.dll
0x00007ffbd8580000 - 0x00007ffbd8592000 	C:\Windows\System32\winrnr.dll
0x00000000590b0000 - 0x00000000590d6000 	C:\Program Files\Bonjour\mdnsNSP.dll
0x00007ffbe1990000 - 0x00007ffbe199a000 	C:\Windows\System32\rasadhlp.dll
0x00007ffbdd0b0000 - 0x00007ffbdd130000 	C:\Windows\System32\fwpuclnt.dll
0x00007ffbf85c0000 - 0x00007ffbf85e7000 	C:\Windows\System32\bcrypt.dll

dbghelp: loaded successfully - version: 4.0.5 - missing functions: none
symbol engine: initialized successfully - sym options: 0x614 - pdb path: .;C:\Program Files\Java\jdk-17.0.1\bin;C:\Windows\SYSTEM32;C:\Windows\WinSxS\amd64_microsoft.windows.common-controls_6595b64144ccf1df_6.0.19041.1110_none_60b5254171f9507e;C:\Program Files\Java\jdk-17.0.1\bin\server;C:\Program Files\Bonjour

VM Arguments:
jvm_args: -Dfile.encoding=UTF-8 -XX:+ShowCodeDetailsInExceptionMessages 
java_command: com.project.hrms.HrmsApplication
java_class_path (initial): C:\eclipse-workspace\hrms\target\classes;C:\Users\Shevchenko\Desktop\java rar\dc\activation.jar;C:\Users\Shevchenko\Desktop\java rar\dc\axis-1.4.jar;C:\Users\Shevchenko\Desktop\java rar\dc\axis-ant.jar;C:\Users\Shevchenko\Desktop\java rar\dc\commons-discovery-0.2.jar;C:\Users\Shevchenko\Desktop\java rar\dc\javax.mail.jar;C:\Users\Shevchenko\Desktop\java rar\dc\javax.wsdl_1.6.2.v201012040545.jar;C:\Users\Shevchenko\Desktop\java rar\dc\jaxrpc.jar;C:\Users\Shevchenko\Desktop\java rar\dc\saaj.jar;C:\Users\Shevchenko\.m2\repository\org\springframework\boot\spring-boot-starter-data-jpa\2.5.6\spring-boot-starter-data-jpa-2.5.6.jar;C:\Users\Shevchenko\.m2\repository\org\springframework\boot\spring-boot-starter-aop\2.5.6\spring-boot-starter-aop-2.5.6.jar;C:\Users\Shevchenko\.m2\repository\org\springframework\spring-aop\5.3.12\spring-aop-5.3.12.jar;C:\Users\Shevchenko\.m2\repository\org\aspectj\aspectjweaver\1.9.7\aspectjweaver-1.9.7.jar;C:\Users\Shevchenko\.m2\repository\org\springframework\boot\spring-boot-starter-jdbc\2.5.6\spring-boot-starter-jdbc-2.5.6.jar;C:\Users\Shevchenko\.m2\repository\com\zaxxer\HikariCP\4.0.3\HikariCP-4.0.3.jar;C:\Users\Shevchenko\.m2\repository\org\springframework\spring-jdbc\5.3.12\spring-jdbc-5.3.12.jar;C:\Users\Shevchenko\.m2\repository\jakarta\transaction\jakarta.transaction-api\1.3.3\jakarta.transaction-api-1.3.3.jar;C:\Users\Shevchenko\.m2\repository\jakarta\persistence\jakarta.persistence-api\2.2.3\jakarta.persistence-api-2.2.3.jar;C:\Users\Shevchenko\.m2\repository\org\hibernate\hibernate-core\5.4.32.Final\hibernate-core-5.4.32.Final.jar;C:\Users\Shevchenko\.m2\repository\org\jboss\logging\jboss-logging\3.4.2.Final\jboss-logging-3.4.2.Final.jar;C:\Users\Shevchenko\.m2\repository\org\javassist\javassist\3.27.0-GA\javassist-3.27.0-GA.jar;C:\Users\Shevchenko\.m2\repository\net\bytebuddy\byte-buddy\1.10.22\byte-buddy-1.10.22.jar;C:\Users\Shevchenko\.m2\repository\antlr\antlr\2.7.7\antlr-2.7.7.jar;C:\Users\Shevchen
Launcher Type: SUN_STANDARD

[Global flags]
     intx CICompilerCount                          = 4                                         {product} {ergonomic}
     uint ConcGCThreads                            = 2                                         {product} {ergonomic}
     uint G1ConcRefinementThreads                  = 8                                         {product} {ergonomic}
   size_t G1HeapRegionSize                         = 1048576                                   {product} {ergonomic}
    uintx GCDrainStackTargetSize                   = 64                                        {product} {ergonomic}
   size_t InitialHeapSize                          = 100663296                                 {product} {ergonomic}
   size_t MarkStackSize                            = 4194304                                   {product} {ergonomic}
   size_t MaxHeapSize                              = 1579155456                                {product} {ergonomic}
   size_t MaxNewSize                               = 946864128                                 {product} {ergonomic}
   size_t MinHeapDeltaBytes                        = 1048576                                   {product} {ergonomic}
   size_t MinHeapSize                              = 8388608                                   {product} {ergonomic}
    uintx NonNMethodCodeHeapSize                   = 5839372                                {pd product} {ergonomic}
    uintx NonProfiledCodeHeapSize                  = 122909434                              {pd product} {ergonomic}
    uintx ProfiledCodeHeapSize                     = 122909434                              {pd product} {ergonomic}
    uintx ReservedCodeCacheSize                    = 251658240                              {pd product} {ergonomic}
     bool SegmentedCodeCache                       = true                                      {product} {ergonomic}
     bool ShowCodeDetailsInExceptionMessages       = true                                   {manageable} {command line}
   size_t SoftMaxHeapSize                          = 1579155456                             {manageable} {ergonomic}
     bool UseCompressedClassPointers               = true                           {product lp64_product} {ergonomic}
     bool UseCompressedOops                        = true                           {product lp64_product} {ergonomic}
     bool UseG1GC                                  = true                                      {product} {ergonomic}
     bool UseLargePagesIndividualAllocation        = false                                  {pd product} {ergonomic}

Logging:
Log output configuration:
 #0: stdout all=warning uptime,level,tags
 #1: stderr all=off uptime,level,tags

Environment Variables:
PATH=C:\Program Files (x86)\Razer Chroma SDK\bin;C:\Program Files\Razer Chroma SDK\bin;C:\Program Files (x86)\Razer\ChromaBroadcast\bin;C:\Program Files\Razer\ChromaBroadcast\bin;C:\ProgramData\Oracle\Java\javapath;C:\Program Files\Common Files\Oracle\Java\javapath;C:\Program Files (x86)\Common Files\Oracle\Java\javapath;C:\Windows\system32;C:\Windows;C:\Windows\System32\Wbem;C:\Windows\System32\WindowsPowerShell\v1.0\;C:\Windows\System32\OpenSSH\;C:\Program Files\dotnet\;C:\Windows\system32\config\systemprofile\AppData\Local\Microsoft\WindowsApps;C:\Program Files\nodejs\;C:\Users\Shevchenko\AppData\Local\Microsoft\WindowsApps;C:\Users\Shevchenko\AppData\Local\Programs\Microsoft VS Code\bin;C:\Users\Shevchenko\.dotnet\tools;C:\Users\Shevchenko\AppData\Roaming\npm
USERNAME=Shevchenko
OS=Windows_NT
PROCESSOR_IDENTIFIER=AMD64 Family 23 Model 24 Stepping 1, AuthenticAMD



---------------  S Y S T E M  ---------------

OS:
 Windows 10 , 64 bit Build 19041 (10.0.19041.2546)
OS uptime: 3 days 3:23 hours

CPU: total 8 (initial active 8) (8 cores per cpu, 2 threads per core) family 23 model 24 stepping 1 microcode 0x0, cx8, cmov, fxsr, ht, mmx, 3dnowpref, sse, sse2, sse3, ssse3, sse4a, sse4.1, sse4.2, popcnt, lzcnt, tsc, tscinvbit, avx, avx2, aes, clmul, bmi1, bmi2, adx, sha, fma, vzeroupper, clflush, clflushopt

Memory: 4k page, system-wide physical 6017M (282M free)
TotalPageFile size 13077M (AvailPageFile size 2M)
current process WorkingSet (physical memory assigned to process): 138M, peak: 138M
current process commit charge ("private bytes"): 216M, peak: 216M

vm_info: Java HotSpot(TM) 64-Bit Server VM (17.0.1+12-LTS-39) for windows-amd64 JRE (17.0.1+12-LTS-39), built on Sep 27 2021 18:41:35 by "mach5one" with MS VC++ 16.8 (VS2019)

END.
