#
# There is insufficient memory for the Java Runtime Environment to continue.
# Native memory allocation (malloc) failed to allocate 1651216 bytes for Chunk::new
# Possible reasons:
#   The system is out of physical RAM or swap space
#   The process is running with CompressedOops enabled, and the Java Heap may be blocking the growth of the native heap
# Possible solutions:
#   Reduce memory load on the system
#   Increase physical memory or swap space
#   Check if swap backing store is full
#   Decrease Java heap size (-Xmx/-Xms)
#   Decrease number of Java threads
#   Decrease Java thread stack sizes (-Xss)
#   Set larger code cache with -XX:ReservedCodeCacheSize=
#   JVM is running with Unscaled Compressed Oops mode in which the Java heap is
#     placed in the first 4GB address space. The Java Heap base address is the
#     maximum limit for the native heap growth. Please use -XX:HeapBaseMinAddress
#     to set the Java Heap base and to place the Java Heap above 4GB virtual address.
# This output file may be truncated or incomplete.
#
#  Out of Memory Error (arena.cpp:189), pid=19448, tid=9324
#
# JRE version: Java(TM) SE Runtime Environment (17.0.1+12) (build 17.0.1+12-LTS-39)
# Java VM: Java HotSpot(TM) 64-Bit Server VM (17.0.1+12-LTS-39, mixed mode, sharing, tiered, compressed oops, compressed class ptrs, g1 gc, windows-amd64)
# No core dump will be written. Minidumps are not enabled by default on client versions of Windows
#

---------------  S U M M A R Y ------------

Command Line: -Dfile.encoding=UTF-8 -XX:+ShowCodeDetailsInExceptionMessages com.project.hrms.HrmsApplication

Host: AMD Ryzen 5 3550H with Radeon Vega Mobile Gfx  , 8 cores, 5G,  Windows 10 , 64 bit Build 19041 (10.0.19041.2546)
Time: Fri Feb 24 17:08:17 2023 Türkiye Standart Saati elapsed time: 34.586642 seconds (0d 0h 0m 34s)

---------------  T H R E A D  ---------------

Current thread (0x0000026dbef1e9b0):  JavaThread "C2 CompilerThread0" daemon [_thread_in_native, id=9324, stack(0x000000a63e400000,0x000000a63e500000)]


Current CompileTask:
C2:  34586 7580   !   4       java.lang.reflect.Executable::declaredAnnotations (85 bytes)

Stack: [0x000000a63e400000,0x000000a63e500000]
Native frames: (J=compiled Java code, j=interpreted, Vv=VM code, C=native code)
V  [jvm.dll+0x66fa1a]
V  [jvm.dll+0x7ce5a4]
V  [jvm.dll+0x7cfd4e]
V  [jvm.dll+0x7d03b3]
V  [jvm.dll+0x242b05]
V  [jvm.dll+0xaa05b]
V  [jvm.dll+0xaa5ec]
V  [jvm.dll+0x35f9b2]
V  [jvm.dll+0x329f51]
V  [jvm.dll+0x3293fa]
V  [jvm.dll+0x215bf1]
V  [jvm.dll+0x215011]
V  [jvm.dll+0x1a168d]
V  [jvm.dll+0x224848]
V  [jvm.dll+0x2229ac]
V  [jvm.dll+0x78435b]
V  [jvm.dll+0x77e91a]
V  [jvm.dll+0x66e845]
C  [ucrtbase.dll+0x21bb2]
C  [KERNEL32.DLL+0x17614]
C  [ntdll.dll+0x526a1]


---------------  P R O C E S S  ---------------

Threads class SMR info:
_java_thread_list=0x0000026dc6eade50, length=22, elements={
0x0000026dbef00620, 0x0000026dbef015d0, 0x0000026dbef18ef0, 0x0000026dbef1c8c0,
0x0000026dbef1d270, 0x0000026dbef1dc20, 0x0000026dbef1e9b0, 0x0000026dbef301b0,
0x0000026dbef3c2a0, 0x0000026dbf981c90, 0x0000026dbf98bb70, 0x0000026dc339b050,
0x0000026dc319eed0, 0x0000026dc68a1880, 0x0000026dc42b2a20, 0x0000026dc42af060,
0x0000026dc42b03a0, 0x0000026dc42b1bb0, 0x0000026dc42afed0, 0x0000026dc42b0d40,
0x0000026dc42b2080, 0x0000026dc42b2550
}

Java Threads: ( => current thread )
  0x0000026dbef00620 JavaThread "Reference Handler" daemon [_thread_blocked, id=824, stack(0x000000a63de00000,0x000000a63df00000)]
  0x0000026dbef015d0 JavaThread "Finalizer" daemon [_thread_blocked, id=21168, stack(0x000000a63df00000,0x000000a63e000000)]
  0x0000026dbef18ef0 JavaThread "Signal Dispatcher" daemon [_thread_blocked, id=12696, stack(0x000000a63e000000,0x000000a63e100000)]
  0x0000026dbef1c8c0 JavaThread "Attach Listener" daemon [_thread_blocked, id=5576, stack(0x000000a63e100000,0x000000a63e200000)]
  0x0000026dbef1d270 JavaThread "Service Thread" daemon [_thread_blocked, id=15564, stack(0x000000a63e200000,0x000000a63e300000)]
  0x0000026dbef1dc20 JavaThread "Monitor Deflation Thread" daemon [_thread_blocked, id=7832, stack(0x000000a63e300000,0x000000a63e400000)]
=>0x0000026dbef1e9b0 JavaThread "C2 CompilerThread0" daemon [_thread_in_native, id=9324, stack(0x000000a63e400000,0x000000a63e500000)]
  0x0000026dbef301b0 JavaThread "C1 CompilerThread0" daemon [_thread_blocked, id=17332, stack(0x000000a63e500000,0x000000a63e600000)]
  0x0000026dbef3c2a0 JavaThread "Sweeper thread" daemon [_thread_blocked, id=22908, stack(0x000000a63e600000,0x000000a63e700000)]
  0x0000026dbf981c90 JavaThread "Notification Thread" daemon [_thread_blocked, id=14380, stack(0x000000a63e700000,0x000000a63e800000)]
  0x0000026dbf98bb70 JavaThread "Common-Cleaner" daemon [_thread_blocked, id=3684, stack(0x000000a63e900000,0x000000a63ea00000)]
  0x0000026dc339b050 JavaThread "Catalina-utility-1" [_thread_blocked, id=18008, stack(0x000000a63f500000,0x000000a63f600000)]
  0x0000026dc319eed0 JavaThread "Catalina-utility-2" [_thread_blocked, id=9656, stack(0x000000a63f600000,0x000000a63f700000)]
  0x0000026dc68a1880 JavaThread "container-0" [_thread_blocked, id=9504, stack(0x000000a63f700000,0x000000a63f800000)]
  0x0000026dc42b2a20 JavaThread "HikariPool-1 housekeeper" daemon [_thread_blocked, id=14876, stack(0x000000a63f900000,0x000000a63fa00000)]
  0x0000026dc42af060 JavaThread "Live Reload Server" daemon [_thread_in_native, id=13996, stack(0x000000a63fc00000,0x000000a63fd00000)]
  0x0000026dc42b03a0 JavaThread "File Watcher" daemon [_thread_blocked, id=14868, stack(0x000000a63fb00000,0x000000a63fc00000)]
  0x0000026dc42b1bb0 JavaThread "http-nio-8080-Poller" daemon [_thread_in_native, id=1544, stack(0x000000a63fd00000,0x000000a63fe00000)]
  0x0000026dc42afed0 JavaThread "http-nio-8080-Acceptor" daemon [_thread_in_native, id=18648, stack(0x000000a63fe00000,0x000000a63ff00000)]
  0x0000026dc42b0d40 JavaThread "DestroyJavaVM" [_thread_blocked, id=15156, stack(0x000000a63d700000,0x000000a63d800000)]
  0x0000026dc42b2080 JavaThread "http-nio-8080-exec-1" daemon [_thread_blocked, id=4744, stack(0x000000a63f100000,0x000000a63f200000)]
  0x0000026dc42b2550 JavaThread "http-nio-8080-exec-2" daemon [_thread_blocked, id=10120, stack(0x000000a63fa00000,0x000000a63fb00000)]

Other Threads:
  0x0000026dbeef9150 VMThread "VM Thread" [stack: 0x000000a63dd00000,0x000000a63de00000] [id=1864]
  0x0000026da02afbc0 WatcherThread [stack: 0x000000a63e800000,0x000000a63e900000] [id=15196]
  0x0000026da0294280 GCTaskThread "GC Thread#0" [stack: 0x000000a63d800000,0x000000a63d900000] [id=7156]
  0x0000026dc02f45e0 GCTaskThread "GC Thread#1" [stack: 0x000000a63ea00000,0x000000a63eb00000] [id=10576]
  0x0000026dc02f0d60 GCTaskThread "GC Thread#2" [stack: 0x000000a63eb00000,0x000000a63ec00000] [id=15464]
  0x0000026dc06d9920 GCTaskThread "GC Thread#3" [stack: 0x000000a63ec00000,0x000000a63ed00000] [id=7612]
  0x0000026dc06d9bd0 GCTaskThread "GC Thread#4" [stack: 0x000000a63ed00000,0x000000a63ee00000] [id=21656]
  0x0000026dc033d850 GCTaskThread "GC Thread#5" [stack: 0x000000a63ee00000,0x000000a63ef00000] [id=22928]
  0x0000026dc12c9620 GCTaskThread "GC Thread#6" [stack: 0x000000a63f300000,0x000000a63f400000] [id=13840]
  0x0000026dc12c8e10 GCTaskThread "GC Thread#7" [stack: 0x000000a63f400000,0x000000a63f500000] [id=1400]
  0x0000026da02a25b0 ConcurrentGCThread "G1 Main Marker" [stack: 0x000000a63d900000,0x000000a63da00000] [id=5320]
  0x0000026da02a2fc0 ConcurrentGCThread "G1 Conc#0" [stack: 0x000000a63da00000,0x000000a63db00000] [id=22360]
  0x0000026dc12ca390 ConcurrentGCThread "G1 Conc#1" [stack: 0x000000a63f200000,0x000000a63f300000] [id=11408]
  0x0000026da031b820 ConcurrentGCThread "G1 Refine#0" [stack: 0x000000a63db00000,0x000000a63dc00000] [id=11852]
  0x0000026da031e250 ConcurrentGCThread "G1 Service" [stack: 0x000000a63dc00000,0x000000a63dd00000] [id=22684]

Threads with active compile tasks:
C2 CompilerThread0    34613 7580   !   4       java.lang.reflect.Executable::declaredAnnotations (85 bytes)

VM state: not at safepoint (normal execution)

VM Mutex/Monitor currently owned by a thread: None

Heap address: 0x00000000a1e00000, size: 1506 MB, Compressed Oops mode: 32-bit

CDS archive(s) mapped at: [0x0000000800000000-0x0000000800bc0000-0x0000000800bc0000), size 12320768, SharedBaseAddress: 0x0000000800000000, ArchiveRelocationMode: 0.
Compressed class space mapped at: 0x0000000800c00000-0x0000000840c00000, reserved size: 1073741824
Narrow klass base: 0x0000000800000000, Narrow klass shift: 0, Narrow klass range: 0x100000000

GC Precious Log:
 CPUs: 8 total, 8 available
 Memory: 6017M
 Large Page Support: Disabled
 NUMA Support: Disabled
 Compressed Oops: Enabled (32-bit)
 Heap Region Size: 1M
 Heap Min Capacity: 8M
 Heap Initial Capacity: 96M
 Heap Max Capacity: 1506M
 Pre-touch: Disabled
 Parallel Workers: 8
 Concurrent Workers: 2
 Concurrent Refinement Workers: 8
 Periodic GC: Disabled

Heap:
 garbage-first heap   total 78848K, used 57206K [0x00000000a1e00000, 0x0000000100000000)
  region size 1024K, 30 young (30720K), 5 survivors (5120K)
 Metaspace       used 63628K, committed 64064K, reserved 1105920K
  class space    used 8448K, committed 8640K, reserved 1048576K

Heap Regions: E=young(eden), S=young(survivor), O=old, HS=humongous(starts), HC=humongous(continues), CS=collection set, F=free, OA=open archive, CA=closed archive, TAMS=top-at-mark-start (previous, next)
|   0|0x00000000a1e00000, 0x00000000a1f00000, 0x00000000a1f00000|100%|HS|  |TAMS 0x00000000a1f00000, 0x00000000a1e00000| Complete 
|   1|0x00000000a1f00000, 0x00000000a2000000, 0x00000000a2000000|100%| O|  |TAMS 0x00000000a2000000, 0x00000000a1f00000| Untracked 
|   2|0x00000000a2000000, 0x00000000a2100000, 0x00000000a2100000|100%| O|  |TAMS 0x00000000a2100000, 0x00000000a2000000| Untracked 
|   3|0x00000000a2100000, 0x00000000a2200000, 0x00000000a2200000|100%| O|  |TAMS 0x00000000a2200000, 0x00000000a2100000| Untracked 
|   4|0x00000000a2200000, 0x00000000a2300000, 0x00000000a2300000|100%| O|  |TAMS 0x00000000a2300000, 0x00000000a2200000| Untracked 
|   5|0x00000000a2300000, 0x00000000a2400000, 0x00000000a2400000|100%| O|  |TAMS 0x00000000a2400000, 0x00000000a2300000| Untracked 
|   6|0x00000000a2400000, 0x00000000a2500000, 0x00000000a2500000|100%| O|  |TAMS 0x00000000a2500000, 0x00000000a2400000| Untracked 
|   7|0x00000000a2500000, 0x00000000a2600000, 0x00000000a2600000|100%| O|  |TAMS 0x00000000a2600000, 0x00000000a2500000| Untracked 
|   8|0x00000000a2600000, 0x00000000a2700000, 0x00000000a2700000|100%| O|  |TAMS 0x00000000a2700000, 0x00000000a2600000| Untracked 
|   9|0x00000000a2700000, 0x00000000a2800000, 0x00000000a2800000|100%| O|  |TAMS 0x00000000a2800000, 0x00000000a2700000| Untracked 
|  10|0x00000000a2800000, 0x00000000a2900000, 0x00000000a2900000|100%| O|  |TAMS 0x00000000a2900000, 0x00000000a2800000| Untracked 
|  11|0x00000000a2900000, 0x00000000a2a00000, 0x00000000a2a00000|100%| O|  |TAMS 0x00000000a2a00000, 0x00000000a2900000| Untracked 
|  12|0x00000000a2a00000, 0x00000000a2b00000, 0x00000000a2b00000|100%| O|  |TAMS 0x00000000a2b00000, 0x00000000a2a00000| Untracked 
|  13|0x00000000a2b00000, 0x00000000a2c00000, 0x00000000a2c00000|100%| O|  |TAMS 0x00000000a2c00000, 0x00000000a2b00000| Untracked 
|  14|0x00000000a2c00000, 0x00000000a2d00000, 0x00000000a2d00000|100%| O|  |TAMS 0x00000000a2d00000, 0x00000000a2c00000| Untracked 
|  15|0x00000000a2d00000, 0x00000000a2e00000, 0x00000000a2e00000|100%| O|  |TAMS 0x00000000a2e00000, 0x00000000a2d00000| Untracked 
|  16|0x00000000a2e00000, 0x00000000a2f00000, 0x00000000a2f00000|100%| O|  |TAMS 0x00000000a2f00000, 0x00000000a2e00000| Untracked 
|  17|0x00000000a2f00000, 0x00000000a2f38200, 0x00000000a3000000| 21%| O|  |TAMS 0x00000000a2f38200, 0x00000000a2f00000| Untracked 
|  18|0x00000000a3000000, 0x00000000a3100000, 0x00000000a3100000|100%| O|  |TAMS 0x00000000a3100000, 0x00000000a3000000| Untracked 
|  19|0x00000000a3100000, 0x00000000a3200000, 0x00000000a3200000|100%| O|  |TAMS 0x00000000a3200000, 0x00000000a3100000| Untracked 
|  20|0x00000000a3200000, 0x00000000a3300000, 0x00000000a3300000|100%| O|  |TAMS 0x00000000a3300000, 0x00000000a3200000| Untracked 
|  21|0x00000000a3300000, 0x00000000a3400000, 0x00000000a3400000|100%| O|  |TAMS 0x00000000a3400000, 0x00000000a3300000| Untracked 
|  22|0x00000000a3400000, 0x00000000a3500000, 0x00000000a3500000|100%| O|  |TAMS 0x00000000a3500000, 0x00000000a3400000| Untracked 
|  23|0x00000000a3500000, 0x00000000a3600000, 0x00000000a3600000|100%| O|  |TAMS 0x00000000a3600000, 0x00000000a3500000| Untracked 
|  24|0x00000000a3600000, 0x00000000a3700000, 0x00000000a3700000|100%| O|  |TAMS 0x00000000a3700000, 0x00000000a3600000| Untracked 
|  25|0x00000000a3700000, 0x00000000a3800000, 0x00000000a3800000|100%| O|  |TAMS 0x00000000a3800000, 0x00000000a3700000| Untracked 
|  26|0x00000000a3800000, 0x00000000a3900000, 0x00000000a3900000|100%| O|  |TAMS 0x00000000a3870a00, 0x00000000a3800000| Untracked 
|  27|0x00000000a3900000, 0x00000000a3a00000, 0x00000000a3a00000|100%| O|  |TAMS 0x00000000a3900000, 0x00000000a3900000| Untracked 
|  28|0x00000000a3a00000, 0x00000000a3a19c00, 0x00000000a3b00000| 10%| O|  |TAMS 0x00000000a3a00000, 0x00000000a3a00000| Untracked 
|  29|0x00000000a3b00000, 0x00000000a3b00000, 0x00000000a3c00000|  0%| F|  |TAMS 0x00000000a3b00000, 0x00000000a3b00000| Untracked 
|  30|0x00000000a3c00000, 0x00000000a3c00000, 0x00000000a3d00000|  0%| F|  |TAMS 0x00000000a3c00000, 0x00000000a3c00000| Untracked 
|  31|0x00000000a3d00000, 0x00000000a3d00000, 0x00000000a3e00000|  0%| F|  |TAMS 0x00000000a3d00000, 0x00000000a3d00000| Untracked 
|  32|0x00000000a3e00000, 0x00000000a3e00000, 0x00000000a3f00000|  0%| F|  |TAMS 0x00000000a3e00000, 0x00000000a3e00000| Untracked 
|  33|0x00000000a3f00000, 0x00000000a3f00000, 0x00000000a4000000|  0%| F|  |TAMS 0x00000000a3f00000, 0x00000000a3f00000| Untracked 
|  34|0x00000000a4000000, 0x00000000a4000000, 0x00000000a4100000|  0%| F|  |TAMS 0x00000000a4000000, 0x00000000a4000000| Untracked 
|  35|0x00000000a4100000, 0x00000000a4100000, 0x00000000a4200000|  0%| F|  |TAMS 0x00000000a4100000, 0x00000000a4100000| Untracked 
|  36|0x00000000a4200000, 0x00000000a4200000, 0x00000000a4300000|  0%| F|  |TAMS 0x00000000a4200000, 0x00000000a4200000| Untracked 
|  37|0x00000000a4300000, 0x00000000a4300000, 0x00000000a4400000|  0%| F|  |TAMS 0x00000000a4300000, 0x00000000a4300000| Untracked 
|  38|0x00000000a4400000, 0x00000000a4400000, 0x00000000a4500000|  0%| F|  |TAMS 0x00000000a4400000, 0x00000000a4400000| Untracked 
|  39|0x00000000a4500000, 0x00000000a4500000, 0x00000000a4600000|  0%| F|  |TAMS 0x00000000a4500000, 0x00000000a4500000| Untracked 
|  40|0x00000000a4600000, 0x00000000a4600000, 0x00000000a4700000|  0%| F|  |TAMS 0x00000000a4600000, 0x00000000a4600000| Untracked 
|  41|0x00000000a4700000, 0x00000000a4700000, 0x00000000a4800000|  0%| F|  |TAMS 0x00000000a4700000, 0x00000000a4700000| Untracked 
|  42|0x00000000a4800000, 0x00000000a4800000, 0x00000000a4900000|  0%| F|  |TAMS 0x00000000a4800000, 0x00000000a4800000| Untracked 
|  43|0x00000000a4900000, 0x00000000a4900000, 0x00000000a4a00000|  0%| F|  |TAMS 0x00000000a4900000, 0x00000000a4900000| Untracked 
|  44|0x00000000a4a00000, 0x00000000a4a8bcb8, 0x00000000a4b00000| 54%| S|CS|TAMS 0x00000000a4a00000, 0x00000000a4a00000| Complete 
|  45|0x00000000a4b00000, 0x00000000a4c00000, 0x00000000a4c00000|100%| S|CS|TAMS 0x00000000a4b00000, 0x00000000a4b00000| Complete 
|  46|0x00000000a4c00000, 0x00000000a4d00000, 0x00000000a4d00000|100%| S|CS|TAMS 0x00000000a4c00000, 0x00000000a4c00000| Complete 
|  47|0x00000000a4d00000, 0x00000000a4e00000, 0x00000000a4e00000|100%| S|CS|TAMS 0x00000000a4d00000, 0x00000000a4d00000| Complete 
|  48|0x00000000a4e00000, 0x00000000a4f00000, 0x00000000a4f00000|100%| S|CS|TAMS 0x00000000a4e00000, 0x00000000a4e00000| Complete 
|  49|0x00000000a4f00000, 0x00000000a4f00000, 0x00000000a5000000|  0%| F|  |TAMS 0x00000000a4f00000, 0x00000000a4f00000| Untracked 
|  50|0x00000000a5000000, 0x00000000a5000000, 0x00000000a5100000|  0%| F|  |TAMS 0x00000000a5000000, 0x00000000a5000000| Untracked 
|  51|0x00000000a5100000, 0x00000000a5100000, 0x00000000a5200000|  0%| F|  |TAMS 0x00000000a5100000, 0x00000000a5100000| Untracked 
|  52|0x00000000a5200000, 0x00000000a5300000, 0x00000000a5300000|100%| E|  |TAMS 0x00000000a5200000, 0x00000000a5200000| Complete 
|  53|0x00000000a5300000, 0x00000000a5400000, 0x00000000a5400000|100%| E|CS|TAMS 0x00000000a5300000, 0x00000000a5300000| Complete 
|  54|0x00000000a5400000, 0x00000000a5500000, 0x00000000a5500000|100%| E|CS|TAMS 0x00000000a5400000, 0x00000000a5400000| Complete 
|  55|0x00000000a5500000, 0x00000000a5600000, 0x00000000a5600000|100%| E|CS|TAMS 0x00000000a5500000, 0x00000000a5500000| Complete 
|  56|0x00000000a5600000, 0x00000000a5700000, 0x00000000a5700000|100%| E|CS|TAMS 0x00000000a5600000, 0x00000000a5600000| Complete 
|  57|0x00000000a5700000, 0x00000000a5800000, 0x00000000a5800000|100%| E|CS|TAMS 0x00000000a5700000, 0x00000000a5700000| Complete 
|  58|0x00000000a5800000, 0x00000000a5900000, 0x00000000a5900000|100%| E|CS|TAMS 0x00000000a5800000, 0x00000000a5800000| Complete 
|  59|0x00000000a5900000, 0x00000000a5a00000, 0x00000000a5a00000|100%| E|CS|TAMS 0x00000000a5900000, 0x00000000a5900000| Complete 
|  60|0x00000000a5a00000, 0x00000000a5b00000, 0x00000000a5b00000|100%| E|CS|TAMS 0x00000000a5a00000, 0x00000000a5a00000| Complete 
|  61|0x00000000a5b00000, 0x00000000a5c00000, 0x00000000a5c00000|100%| E|CS|TAMS 0x00000000a5b00000, 0x00000000a5b00000| Complete 
|  62|0x00000000a5c00000, 0x00000000a5d00000, 0x00000000a5d00000|100%| E|CS|TAMS 0x00000000a5c00000, 0x00000000a5c00000| Complete 
|  63|0x00000000a5d00000, 0x00000000a5e00000, 0x00000000a5e00000|100%| E|CS|TAMS 0x00000000a5d00000, 0x00000000a5d00000| Complete 
|  64|0x00000000a5e00000, 0x00000000a5f00000, 0x00000000a5f00000|100%| E|CS|TAMS 0x00000000a5e00000, 0x00000000a5e00000| Complete 
|  65|0x00000000a5f00000, 0x00000000a6000000, 0x00000000a6000000|100%| E|CS|TAMS 0x00000000a5f00000, 0x00000000a5f00000| Complete 
|  66|0x00000000a6000000, 0x00000000a6100000, 0x00000000a6100000|100%| E|CS|TAMS 0x00000000a6000000, 0x00000000a6000000| Complete 
|  67|0x00000000a6100000, 0x00000000a6200000, 0x00000000a6200000|100%| E|CS|TAMS 0x00000000a6100000, 0x00000000a6100000| Complete 
|  68|0x00000000a6200000, 0x00000000a6300000, 0x00000000a6300000|100%| E|CS|TAMS 0x00000000a6200000, 0x00000000a6200000| Complete 
|  69|0x00000000a6300000, 0x00000000a6400000, 0x00000000a6400000|100%| E|CS|TAMS 0x00000000a6300000, 0x00000000a6300000| Complete 
|  70|0x00000000a6400000, 0x00000000a6500000, 0x00000000a6500000|100%| E|CS|TAMS 0x00000000a6400000, 0x00000000a6400000| Complete 
|  71|0x00000000a6500000, 0x00000000a6600000, 0x00000000a6600000|100%| E|CS|TAMS 0x00000000a6500000, 0x00000000a6500000| Complete 
| 101|0x00000000a8300000, 0x00000000a8400000, 0x00000000a8400000|100%| E|CS|TAMS 0x00000000a8300000, 0x00000000a8300000| Complete 
| 102|0x00000000a8400000, 0x00000000a8500000, 0x00000000a8500000|100%| E|CS|TAMS 0x00000000a8400000, 0x00000000a8400000| Complete 
| 103|0x00000000a8500000, 0x00000000a8600000, 0x00000000a8600000|100%| E|CS|TAMS 0x00000000a8500000, 0x00000000a8500000| Complete 
| 104|0x00000000a8600000, 0x00000000a8700000, 0x00000000a8700000|100%| E|CS|TAMS 0x00000000a8600000, 0x00000000a8600000| Complete 
| 107|0x00000000a8900000, 0x00000000a8a00000, 0x00000000a8a00000|100%| E|CS|TAMS 0x00000000a8900000, 0x00000000a8900000| Complete 

Card table byte_map: [0x0000026db8fb0000,0x0000026db92b0000] _byte_map_base: 0x0000026db8aa1000

Marking Bits (Prev, Next): (CMBitMap*) 0x0000026da02948d0, (CMBitMap*) 0x0000026da0294890
 Prev Bits: [0x0000026dbad40000, 0x0000026dbc4c8000)
 Next Bits: [0x0000026db95b0000, 0x0000026dbad38000)

Polling page: 0x0000026da0330000

Metaspace:

Usage:
  Non-class:     53.89 MB used.
      Class:      8.25 MB used.
       Both:     62.14 MB used.

Virtual space:
  Non-class space:       56.00 MB reserved,      54.12 MB ( 97%) committed,  7 nodes.
      Class space:        1.00 GB reserved,       8.44 MB ( <1%) committed,  1 nodes.
             Both:        1.05 GB reserved,      62.56 MB (  6%) committed. 

Chunk freelists:
   Non-Class:  1.28 MB
       Class:  3.50 MB
        Both:  4.78 MB

MaxMetaspaceSize: unlimited
CompressedClassSpaceSize: 1.00 GB
Initial GC threshold: 21.00 MB
Current GC threshold: 99.00 MB
CDS: on
MetaspaceReclaimPolicy: balanced
 - commit_granule_bytes: 65536.
 - commit_granule_words: 8192.
 - virtual_space_node_default_size: 1048576.
 - enlarge_chunks_in_place: 1.
 - new_chunks_are_fully_committed: 0.
 - uncommit_free_chunks: 1.
 - use_allocation_guard: 0.
 - handle_deallocations: 1.


Internal statistics:

num_allocs_failed_limit: 9.
num_arena_births: 534.
num_arena_deaths: 0.
num_vsnodes_births: 8.
num_vsnodes_deaths: 0.
num_space_committed: 1001.
num_space_uncommitted: 0.
num_chunks_returned_to_freelist: 9.
num_chunks_taken_from_freelist: 2857.
num_chunk_merges: 9.
num_chunk_splits: 2028.
num_chunks_enlarged: 1575.
num_purges: 0.
num_inconsistent_stats: 0.

CodeHeap 'non-profiled nmethods': size=120000Kb used=3990Kb max_used=3990Kb free=116009Kb
 bounds [0x0000026db0d00000, 0x0000026db10f0000, 0x0000026db8230000]
CodeHeap 'profiled nmethods': size=120000Kb used=12925Kb max_used=12925Kb free=107074Kb
 bounds [0x0000026da97d0000, 0x0000026daa470000, 0x0000026db0d00000]
CodeHeap 'non-nmethods': size=5760Kb used=1316Kb max_used=1362Kb free=4443Kb
 bounds [0x0000026da9230000, 0x0000026da94a0000, 0x0000026da97d0000]
 total_blobs=7561 nmethods=6926 adapters=546
 compilation: enabled
              stopped_count=0, restarted_count=0
 full_count=0

Compilation events (20 events):
Event: 34.558 Thread 0x0000026dbef301b0 7727       3       org.hibernate.internal.AbstractSharedSessionContract::checkOpenOrWaitingForAutoClose (12 bytes)
Event: 34.558 Thread 0x0000026dbef301b0 nmethod 7727 0x0000026daa46d790 code [0x0000026daa46d940, 0x0000026daa46dc28]
Event: 34.559 Thread 0x0000026dbef301b0 7728       3       org.jboss.logging.DelegatingBasicLogger::isDebugEnabled (8 bytes)
Event: 34.559 Thread 0x0000026dbef301b0 nmethod 7728 0x0000026daa46dd10 code [0x0000026daa46dee0, 0x0000026daa46e288]
Event: 34.559 Thread 0x0000026dbef301b0 7729       1       org.hibernate.engine.spi.CollectionEntry::getLoadedPersister (5 bytes)
Event: 34.560 Thread 0x0000026dbef301b0 nmethod 7729 0x0000026db10e4d10 code [0x0000026db10e4ea0, 0x0000026db10e4f78]
Event: 34.560 Thread 0x0000026dbef301b0 7730       3       org.postgresql.core.v3.SimpleQuery::setFields (34 bytes)
Event: 34.560 Thread 0x0000026dbef301b0 nmethod 7730 0x0000026daa46e410 code [0x0000026daa46e5a0, 0x0000026daa46e7d8]
Event: 34.560 Thread 0x0000026dbef301b0 7731       3       java.nio.StringCharBuffer::get (19 bytes)
Event: 34.560 Thread 0x0000026dbef301b0 nmethod 7731 0x0000026daa46e890 code [0x0000026daa46ea60, 0x0000026daa46edd8]
Event: 34.561 Thread 0x0000026dbef301b0 7732       1       java.nio.ByteBuffer::base (5 bytes)
Event: 34.561 Thread 0x0000026dbef301b0 nmethod 7732 0x0000026db10e5010 code [0x0000026db10e51a0, 0x0000026db10e5278]
Event: 34.561 Thread 0x0000026dbef301b0 7733       1       org.hibernate.internal.AbstractSharedSessionContract::getJdbcCoordinator (5 bytes)
Event: 34.561 Thread 0x0000026dbef301b0 nmethod 7733 0x0000026db10e5310 code [0x0000026db10e54a0, 0x0000026db10e5578]
Event: 34.561 Thread 0x0000026dbef301b0 7734       3       java.lang.ThreadLocal::remove (18 bytes)
Event: 34.561 Thread 0x0000026dbef301b0 nmethod 7734 0x0000026daa46ef10 code [0x0000026daa46f0c0, 0x0000026daa46f338]
Event: 34.561 Thread 0x0000026dbef301b0 7735       3       org.apache.tomcat.util.buf.AbstractChunk::recycle (21 bytes)
Event: 34.561 Thread 0x0000026dbef301b0 nmethod 7735 0x0000026daa46f410 code [0x0000026daa46f5a0, 0x0000026daa46f6b8]
Event: 34.561 Thread 0x0000026dbef301b0 7737       3       jdk.internal.misc.Unsafe::weakCompareAndSetLong (11 bytes)
Event: 34.561 Thread 0x0000026dbef301b0 nmethod 7737 0x0000026daa46f790 code [0x0000026daa46f920, 0x0000026daa46fa58]

GC Heap History (20 events):
Event: 4.272 GC heap before
{Heap before GC invocations=9 (full 0):
 garbage-first heap   total 51200K, used 37106K [0x00000000a1e00000, 0x0000000100000000)
  region size 1024K, 23 young (23552K), 3 survivors (3072K)
 Metaspace       used 30221K, committed 30656K, reserved 1081344K
  class space    used 3896K, committed 4096K, reserved 1048576K
}
Event: 4.275 GC heap after
{Heap after GC invocations=10 (full 0):
 garbage-first heap   total 51200K, used 19099K [0x00000000a1e00000, 0x0000000100000000)
  region size 1024K, 2 young (2048K), 2 survivors (2048K)
 Metaspace       used 30221K, committed 30656K, reserved 1081344K
  class space    used 3896K, committed 4096K, reserved 1048576K
}
Event: 4.280 GC heap before
{Heap before GC invocations=10 (full 0):
 garbage-first heap   total 51200K, used 37531K [0x00000000a1e00000, 0x0000000100000000)
  region size 1024K, 21 young (21504K), 2 survivors (2048K)
 Metaspace       used 30221K, committed 30656K, reserved 1081344K
  class space    used 3896K, committed 4096K, reserved 1048576K
}
Event: 4.281 GC heap after
{Heap after GC invocations=11 (full 0):
 garbage-first heap   total 51200K, used 19039K [0x00000000a1e00000, 0x0000000100000000)
  region size 1024K, 2 young (2048K), 2 survivors (2048K)
 Metaspace       used 30221K, committed 30656K, reserved 1081344K
  class space    used 3896K, committed 4096K, reserved 1048576K
}
Event: 4.379 GC heap before
{Heap before GC invocations=11 (full 0):
 garbage-first heap   total 51200K, used 38495K [0x00000000a1e00000, 0x0000000100000000)
  region size 1024K, 22 young (22528K), 2 survivors (2048K)
 Metaspace       used 30905K, committed 31232K, reserved 1081344K
  class space    used 3956K, committed 4096K, reserved 1048576K
}
Event: 4.382 GC heap after
{Heap after GC invocations=12 (full 0):
 garbage-first heap   total 110592K, used 19529K [0x00000000a1e00000, 0x0000000100000000)
  region size 1024K, 2 young (2048K), 2 survivors (2048K)
 Metaspace       used 30905K, committed 31232K, reserved 1081344K
  class space    used 3956K, committed 4096K, reserved 1048576K
}
Event: 5.113 GC heap before
{Heap before GC invocations=12 (full 0):
 garbage-first heap   total 110592K, used 81993K [0x00000000a1e00000, 0x0000000100000000)
  region size 1024K, 64 young (65536K), 2 survivors (2048K)
 Metaspace       used 34903K, committed 35264K, reserved 1081344K
  class space    used 4555K, committed 4736K, reserved 1048576K
}
Event: 5.116 GC heap after
{Heap after GC invocations=13 (full 0):
 garbage-first heap   total 110592K, used 20577K [0x00000000a1e00000, 0x0000000100000000)
  region size 1024K, 3 young (3072K), 3 survivors (3072K)
 Metaspace       used 34903K, committed 35264K, reserved 1081344K
  class space    used 4555K, committed 4736K, reserved 1048576K
}
Event: 5.199 GC heap before
{Heap before GC invocations=13 (full 0):
 garbage-first heap   total 110592K, used 22625K [0x00000000a1e00000, 0x0000000100000000)
  region size 1024K, 6 young (6144K), 3 survivors (3072K)
 Metaspace       used 35766K, committed 36096K, reserved 1081344K
  class space    used 4742K, committed 4928K, reserved 1048576K
}
Event: 5.201 GC heap after
{Heap after GC invocations=14 (full 0):
 garbage-first heap   total 110592K, used 20827K [0x00000000a1e00000, 0x0000000100000000)
  region size 1024K, 4 young (4096K), 4 survivors (4096K)
 Metaspace       used 35766K, committed 36096K, reserved 1081344K
  class space    used 4742K, committed 4928K, reserved 1048576K
}
Event: 6.630 GC heap before
{Heap before GC invocations=15 (full 0):
 garbage-first heap   total 78848K, used 62811K [0x00000000a1e00000, 0x0000000100000000)
  region size 1024K, 46 young (47104K), 4 survivors (4096K)
 Metaspace       used 46511K, committed 46848K, reserved 1089536K
  class space    used 6252K, committed 6400K, reserved 1048576K
}
Event: 6.636 GC heap after
{Heap after GC invocations=16 (full 0):
 garbage-first heap   total 78848K, used 23957K [0x00000000a1e00000, 0x0000000100000000)
  region size 1024K, 6 young (6144K), 6 survivors (6144K)
 Metaspace       used 46511K, committed 46848K, reserved 1089536K
  class space    used 6252K, committed 6400K, reserved 1048576K
}
Event: 7.532 GC heap before
{Heap before GC invocations=16 (full 0):
 garbage-first heap   total 78848K, used 61845K [0x00000000a1e00000, 0x0000000100000000)
  region size 1024K, 43 young (44032K), 6 survivors (6144K)
 Metaspace       used 51288K, committed 51648K, reserved 1097728K
  class space    used 6875K, committed 7040K, reserved 1048576K
}
Event: 7.540 GC heap after
{Heap after GC invocations=17 (full 0):
 garbage-first heap   total 78848K, used 26592K [0x00000000a1e00000, 0x0000000100000000)
  region size 1024K, 3 young (3072K), 3 survivors (3072K)
 Metaspace       used 51288K, committed 51648K, reserved 1097728K
  class space    used 6875K, committed 7040K, reserved 1048576K
}
Event: 7.943 GC heap before
{Heap before GC invocations=17 (full 0):
 garbage-first heap   total 78848K, used 62432K [0x00000000a1e00000, 0x0000000100000000)
  region size 1024K, 38 young (38912K), 3 survivors (3072K)
 Metaspace       used 54079K, committed 54464K, reserved 1097728K
  class space    used 7197K, committed 7424K, reserved 1048576K
}
Event: 7.947 GC heap after
{Heap after GC invocations=18 (full 0):
 garbage-first heap   total 78848K, used 28100K [0x00000000a1e00000, 0x0000000100000000)
  region size 1024K, 5 young (5120K), 5 survivors (5120K)
 Metaspace       used 54079K, committed 54464K, reserved 1097728K
  class space    used 7197K, committed 7424K, reserved 1048576K
}
Event: 8.347 GC heap before
{Heap before GC invocations=18 (full 0):
 garbage-first heap   total 78848K, used 62916K [0x00000000a1e00000, 0x0000000100000000)
  region size 1024K, 39 young (39936K), 5 survivors (5120K)
 Metaspace       used 56007K, committed 56384K, reserved 1097728K
  class space    used 7429K, committed 7616K, reserved 1048576K
}
Event: 8.351 GC heap after
{Heap after GC invocations=19 (full 0):
 garbage-first heap   total 78848K, used 29715K [0x00000000a1e00000, 0x0000000100000000)
  region size 1024K, 4 young (4096K), 4 survivors (4096K)
 Metaspace       used 56007K, committed 56384K, reserved 1097728K
  class space    used 7429K, committed 7616K, reserved 1048576K
}
Event: 9.067 GC heap before
{Heap before GC invocations=19 (full 0):
 garbage-first heap   total 78848K, used 57363K [0x00000000a1e00000, 0x0000000100000000)
  region size 1024K, 32 young (32768K), 4 survivors (4096K)
 Metaspace       used 60229K, committed 60608K, reserved 1105920K
  class space    used 8014K, committed 8192K, reserved 1048576K
}
Event: 9.073 GC heap after
{Heap after GC invocations=20 (full 0):
 garbage-first heap   total 78848K, used 32630K [0x00000000a1e00000, 0x0000000100000000)
  region size 1024K, 5 young (5120K), 5 survivors (5120K)
 Metaspace       used 60229K, committed 60608K, reserved 1105920K
  class space    used 8014K, committed 8192K, reserved 1048576K
}

Deoptimization events (20 events):
Event: 9.356 Thread 0x0000026dc033c440 DEOPT PACKING pc=0x0000026db0e81998 sp=0x000000a63f0fded0
Event: 9.356 Thread 0x0000026dc033c440 DEOPT UNPACKING pc=0x0000026da92823a3 sp=0x000000a63f0fde48 mode 2
Event: 9.356 Thread 0x0000026dc033c440 Uncommon trap: trap_request=0xffffffde fr.pc=0x0000026db0e81998 relative=0x0000000000000578
Event: 9.356 Thread 0x0000026dc033c440 Uncommon trap: reason=class_check action=maybe_recompile pc=0x0000026db0e81998 method=org.springframework.util.ConcurrentReferenceHashMap$ReferenceManager.pollForPurge()Lorg/springframework/util/ConcurrentReferenceHashMap$Reference; @ 7 c2
Event: 9.356 Thread 0x0000026dc033c440 DEOPT PACKING pc=0x0000026db0e81998 sp=0x000000a63f0fded0
Event: 9.356 Thread 0x0000026dc033c440 DEOPT UNPACKING pc=0x0000026da92823a3 sp=0x000000a63f0fde48 mode 2
Event: 9.356 Thread 0x0000026dc033c440 Uncommon trap: trap_request=0xffffffde fr.pc=0x0000026db0e81998 relative=0x0000000000000578
Event: 9.356 Thread 0x0000026dc033c440 Uncommon trap: reason=class_check action=maybe_recompile pc=0x0000026db0e81998 method=org.springframework.util.ConcurrentReferenceHashMap$ReferenceManager.pollForPurge()Lorg/springframework/util/ConcurrentReferenceHashMap$Reference; @ 7 c2
Event: 9.356 Thread 0x0000026dc033c440 DEOPT PACKING pc=0x0000026db0e81998 sp=0x000000a63f0fded0
Event: 9.356 Thread 0x0000026dc033c440 DEOPT UNPACKING pc=0x0000026da92823a3 sp=0x000000a63f0fde48 mode 2
Event: 34.256 Thread 0x0000026dc42b2080 DEOPT PACKING pc=0x0000026da9d2b231 sp=0x000000a63f1fd840
Event: 34.256 Thread 0x0000026dc42b2080 DEOPT UNPACKING pc=0x0000026da9282b43 sp=0x000000a63f1fccf8 mode 0
Event: 34.316 Thread 0x0000026dc42b2080 Uncommon trap: trap_request=0xffffff45 fr.pc=0x0000026db0da0bdc relative=0x000000000000005c
Event: 34.316 Thread 0x0000026dc42b2080 Uncommon trap: reason=unstable_if action=reinterpret pc=0x0000026db0da0bdc method=java.util.Objects.equals(Ljava/lang/Object;Ljava/lang/Object;)Z @ 6 c2
Event: 34.316 Thread 0x0000026dc42b2080 DEOPT PACKING pc=0x0000026db0da0bdc sp=0x000000a63f1fd140
Event: 34.316 Thread 0x0000026dc42b2080 DEOPT UNPACKING pc=0x0000026da92823a3 sp=0x000000a63f1fd0e0 mode 2
Event: 34.438 Thread 0x0000026dc42b2080 Uncommon trap: trap_request=0xffffff45 fr.pc=0x0000026db0f89c60 relative=0x00000000000007a0
Event: 34.438 Thread 0x0000026dc42b2080 Uncommon trap: reason=unstable_if action=reinterpret pc=0x0000026db0f89c60 method=org.postgresql.core.OptimizedUTF8Encoder.charDecode([BII)Ljava/lang/String; @ 29 c2
Event: 34.438 Thread 0x0000026dc42b2080 DEOPT PACKING pc=0x0000026db0f89c60 sp=0x000000a63f1f9850
Event: 34.438 Thread 0x0000026dc42b2080 DEOPT UNPACKING pc=0x0000026da92823a3 sp=0x000000a63f1f97f0 mode 2

Classes unloaded (0 events):
No events

Classes redefined (0 events):
No events

Internal exceptions (20 events):
Event: 8.311 Thread 0x0000026dc033c440 Exception <a 'java/lang/ClassNotFoundException'{0x00000000a4a5b448}: java/lang/ObjectCustomizer> (0x00000000a4a5b448) 
thrown [t:\workspace\open\src\hotspot\share\classfile\systemDictionary.cpp, line 256]
Event: 8.312 Thread 0x0000026dc033c440 Exception <a 'java/lang/ClassNotFoundException'{0x00000000a4a63358}: org/springframework/web/servlet/config/annotation/WebMvcConfigurationSupportCustomizer> (0x00000000a4a63358) 
thrown [t:\workspace\open\src\hotspot\share\classfile\systemDictionary.cpp, line 256]
Event: 8.313 Thread 0x0000026dc033c440 Exception <a 'java/lang/ClassNotFoundException'{0x00000000a4a775f8}: org/springframework/web/servlet/config/annotation/DelegatingWebMvcConfigurationCustomizer> (0x00000000a4a775f8) 
thrown [t:\workspace\open\src\hotspot\share\classfile\systemDictionary.cpp, line 256]
Event: 8.314 Thread 0x0000026dc033c440 Exception <a 'java/lang/ClassNotFoundException'{0x00000000a4a80ce0}: org/springframework/boot/autoconfigure/web/servlet/WebMvcAutoConfiguration$EnableWebMvcConfigurationCustomizer> (0x00000000a4a80ce0) 
thrown [t:\workspace\open\src\hotspot\share\classfile\systemDictionary.cpp, line 256]
Event: 8.315 Thread 0x0000026dc033c440 Exception <a 'java/lang/ClassNotFoundException'{0x00000000a4a94688}: org/springframework/context/ResourceLoaderAwareCustomizer> (0x00000000a4a94688) 
thrown [t:\workspace\open\src\hotspot\share\classfile\systemDictionary.cpp, line 256]
Event: 8.315 Thread 0x0000026dc033c440 Exception <a 'java/lang/ClassNotFoundException'{0x00000000a4a998b8}: org/springframework/beans/factory/AwareCustomizer> (0x00000000a4a998b8) 
thrown [t:\workspace\open\src\hotspot\share\classfile\systemDictionary.cpp, line 256]
Event: 8.315 Thread 0x0000026dc033c440 Exception <a 'java/lang/ClassNotFoundException'{0x00000000a4a9de68}: org/springframework/context/ApplicationContextAwareCustomizer> (0x00000000a4a9de68) 
thrown [t:\workspace\open\src\hotspot\share\classfile\systemDictionary.cpp, line 256]
Event: 8.316 Thread 0x0000026dc033c440 Exception <a 'java/lang/ClassNotFoundException'{0x00000000a4aa3760}: org/springframework/beans/factory/AwareCustomizer> (0x00000000a4aa3760) 
thrown [t:\workspace\open\src\hotspot\share\classfile\systemDictionary.cpp, line 256]
Event: 8.316 Thread 0x0000026dc033c440 Exception <a 'java/lang/ClassNotFoundException'{0x00000000a4aa7d28}: org/springframework/web/context/ServletContextAwareCustomizer> (0x00000000a4aa7d28) 
thrown [t:\workspace\open\src\hotspot\share\classfile\systemDictionary.cpp, line 256]
Event: 8.317 Thread 0x0000026dc033c440 Exception <a 'java/lang/ClassNotFoundException'{0x00000000a4aad390}: org/springframework/beans/factory/AwareCustomizer> (0x00000000a4aad390) 
thrown [t:\workspace\open\src\hotspot\share\classfile\systemDictionary.cpp, line 256]
Event: 8.557 Thread 0x0000026dc033c440 Exception <a 'java/lang/NoSuchMethodError'{0x00000000a6390e88}: 'java.lang.Object java.lang.invoke.DirectMethodHandle$Holder.invokeInterface(java.lang.Object, java.lang.Object, java.lang.Object, java.lang.Object)'> (0x00000000a6390e88) 
thrown [t:\workspace\open\src\hotspot\share\interpreter\linkResolver.cpp, line 766]
Event: 8.654 Thread 0x0000026dc033c440 Exception <a 'java/lang/NoSuchMethodError'{0x00000000a5e7f300}: 'void java.lang.invoke.DirectMethodHandle$Holder.invokeVirtual(java.lang.Object, java.lang.Object, int)'> (0x00000000a5e7f300) 
thrown [t:\workspace\open\src\hotspot\share\interpreter\linkResolver.cpp, line 766]
Event: 8.656 Thread 0x0000026dc033c440 Exception <a 'java/lang/NoSuchMethodError'{0x00000000a5e99ec8}: 'void java.lang.invoke.DirectMethodHandle$Holder.invokeVirtual(java.lang.Object, java.lang.Object, long)'> (0x00000000a5e99ec8) 
thrown [t:\workspace\open\src\hotspot\share\interpreter\linkResolver.cpp, line 766]
Event: 8.748 Thread 0x0000026dc033c440 Exception <a 'java/lang/IncompatibleClassChangeError'{0x00000000a5a5f620}: Found class java.lang.Object, but interface was expected> (0x00000000a5a5f620) 
thrown [t:\workspace\open\src\hotspot\share\interpreter\linkResolver.cpp, line 833]
Event: 8.789 Thread 0x0000026dc033c440 Exception <a 'java/lang/NoSuchMethodError'{0x00000000a59dc000}: 'int java.lang.invoke.DirectMethodHandle$Holder.invokeStaticInit(java.lang.Object, java.lang.Object, java.lang.Object, java.lang.Object)'> (0x00000000a59dc000) 
thrown [t:\workspace\open\src\hotspot\share\interpreter\linkResolver.cpp, line 766]
Event: 8.919 Thread 0x0000026dc033c440 Exception <a 'java/lang/NoSuchMethodError'{0x00000000a54a4a68}: 'java.lang.Object java.lang.invoke.DirectMethodHandle$Holder.invokeSpecial(java.lang.Object, java.lang.Object, int, java.lang.Object, int, java.lang.Object)'> (0x00000000a54a4a68) 
thrown [t:\workspace\open\src\hotspot\share\interpreter\linkResolver.cpp, line 766]
Event: 8.919 Thread 0x0000026dc033c440 Exception <a 'java/lang/NoSuchMethodError'{0x00000000a54acb10}: 'java.lang.Object java.lang.invoke.DirectMethodHandle$Holder.newInvokeSpecial(java.lang.Object, java.lang.Object, int, java.lang.Object, int)'> (0x00000000a54acb10) 
thrown [t:\workspace\open\src\hotspot\share\interpreter\linkResolver.cpp, line 766]
Event: 8.920 Thread 0x0000026dc033c440 Exception <a 'java/lang/NoSuchMethodError'{0x00000000a54b0c10}: 'java.lang.Object java.lang.invoke.DirectMethodHandle$Holder.invokeSpecial(java.lang.Object, java.lang.Object, java.lang.Object, int, java.lang.Object, int)'> (0x00000000a54b0c10) 
thrown [t:\workspace\open\src\hotspot\share\interpreter\linkResolver.cpp, line 766]
Event: 8.921 Thread 0x0000026dc033c440 Exception <a 'java/lang/NoSuchMethodError'{0x00000000a54ba8b0}: 'void java.lang.invoke.DirectMethodHandle$Holder.invokeVirtual(java.lang.Object, java.lang.Object)'> (0x00000000a54ba8b0) 
thrown [t:\workspace\open\src\hotspot\share\interpreter\linkResolver.cpp, line 766]
Event: 34.403 Thread 0x0000026dc42b2080 Exception <a 'java/lang/NoSuchMethodError'{0x00000000a54275f8}: 'java.lang.Object java.lang.invoke.DirectMethodHandle$Holder.invokeStaticInit(java.lang.Object, java.lang.Object, java.lang.Object, java.lang.Object, java.lang.Object, java.lang.Object)'> (0x00000000a54275f8) 
thrown [t:\workspace\open\src\hotspot\share\interpreter\linkResolver.cpp, line 766]

VM Operations (20 events):
Event: 12.381 Executing VM operation: Cleanup
Event: 12.381 Executing VM operation: Cleanup done
Event: 15.401 Executing VM operation: Cleanup
Event: 15.402 Executing VM operation: Cleanup done
Event: 25.472 Executing VM operation: Cleanup
Event: 25.472 Executing VM operation: Cleanup done
Event: 28.485 Executing VM operation: Cleanup
Event: 28.485 Executing VM operation: Cleanup done
Event: 34.240 Executing VM operation: HandshakeAllThreads
Event: 34.240 Executing VM operation: HandshakeAllThreads done
Event: 34.240 Executing VM operation: Cleanup
Event: 34.240 Executing VM operation: Cleanup done
Event: 34.278 Executing VM operation: HandshakeAllThreads
Event: 34.279 Executing VM operation: HandshakeAllThreads done
Event: 34.344 Executing VM operation: HandshakeAllThreads
Event: 34.344 Executing VM operation: HandshakeAllThreads done
Event: 34.344 Executing VM operation: HandshakeAllThreads
Event: 34.344 Executing VM operation: HandshakeAllThreads done
Event: 34.458 Executing VM operation: HandshakeAllThreads
Event: 34.458 Executing VM operation: HandshakeAllThreads done

Events (20 events):
Event: 34.176 Thread 0x0000026dc42b2080 Thread added: 0x0000026dc42b2080
Event: 34.315 loading class java/time/format/DateTimeFormatterBuilder$ZoneTextPrinterParser
Event: 34.316 loading class java/time/format/DateTimeFormatterBuilder$ZoneTextPrinterParser done
Event: 34.316 loading class java/time/format/DateTimeFormatterBuilder$ReducedPrinterParser
Event: 34.317 loading class java/time/format/DateTimeFormatterBuilder$ReducedPrinterParser done
Event: 34.319 loading class jdk/internal/access/foreign/MemorySegmentProxy
Event: 34.319 loading class jdk/internal/access/foreign/MemorySegmentProxy done
Event: 34.347 Thread 0x0000026dbef3c2a0 flushing nmethod 0x0000026da9996c10
Event: 34.354 Thread 0x0000026dbef3c2a0 flushing nmethod 0x0000026daa14cd90
Event: 34.466 loading class org/w3c/dom/Document
Event: 34.466 loading class org/w3c/dom/Document done
Event: 34.535 loading class java/nio/StringCharBuffer
Event: 34.535 loading class java/nio/StringCharBuffer done
Event: 34.535 loading class sun/nio/cs/ISO_8859_1$Encoder
Event: 34.535 loading class sun/nio/cs/ISO_8859_1$Encoder done
Event: 34.535 loading class sun/nio/cs/Surrogate$Parser
Event: 34.536 loading class sun/nio/cs/Surrogate$Parser done
Event: 34.536 loading class sun/nio/cs/Surrogate
Event: 34.536 loading class sun/nio/cs/Surrogate done
Event: 34.538 Thread 0x0000026dc42b2550 Thread added: 0x0000026dc42b2550


Dynamic libraries:
0x00007ff75f550000 - 0x00007ff75f560000 	C:\Program Files\Java\jdk-17.0.1\bin\javaw.exe
0x00007ffbfa6b0000 - 0x00007ffbfa8a8000 	C:\Windows\SYSTEM32\ntdll.dll
0x00007ffbf8fa0000 - 0x00007ffbf905f000 	C:\Windows\System32\KERNEL32.DLL
0x00007ffbf7e80000 - 0x00007ffbf8152000 	C:\Windows\System32\KERNELBASE.dll
0x00007ffbf85f0000 - 0x00007ffbf86f0000 	C:\Windows\System32\ucrtbase.dll
0x00007ffbf2170000 - 0x00007ffbf2188000 	C:\Program Files\Java\jdk-17.0.1\bin\jli.dll
0x00007ffbf1bc0000 - 0x00007ffbf1bda000 	C:\Program Files\Java\jdk-17.0.1\bin\VCRUNTIME140.dll
0x00007ffbf86f0000 - 0x00007ffbf879e000 	C:\Windows\System32\ADVAPI32.dll
0x00007ffbf8d50000 - 0x00007ffbf8dee000 	C:\Windows\System32\msvcrt.dll
0x00007ffbf9590000 - 0x00007ffbf962c000 	C:\Windows\System32\sechost.dll
0x00007ffbf93e0000 - 0x00007ffbf9505000 	C:\Windows\System32\RPCRT4.dll
0x00007ffbf89b0000 - 0x00007ffbf8b51000 	C:\Windows\System32\USER32.dll
0x00007ffbf7e50000 - 0x00007ffbf7e72000 	C:\Windows\System32\win32u.dll
0x00007ffbdded0000 - 0x00007ffbde16a000 	C:\Windows\WinSxS\amd64_microsoft.windows.common-controls_6595b64144ccf1df_6.0.19041.1110_none_60b5254171f9507e\COMCTL32.dll
0x00007ffbf8bc0000 - 0x00007ffbf8beb000 	C:\Windows\System32\GDI32.dll
0x00007ffbf8420000 - 0x00007ffbf852f000 	C:\Windows\System32\gdi32full.dll
0x00007ffbf8160000 - 0x00007ffbf81fd000 	C:\Windows\System32\msvcp_win.dll
0x00007ffbf0000000 - 0x00007ffbf000a000 	C:\Windows\SYSTEM32\VERSION.dll
0x00007ffbf8970000 - 0x00007ffbf89a2000 	C:\Windows\System32\IMM32.DLL
0x00007ffbf3870000 - 0x00007ffbf387c000 	C:\Program Files\Java\jdk-17.0.1\bin\vcruntime140_1.dll
0x00007ffbcc600000 - 0x00007ffbcc68d000 	C:\Program Files\Java\jdk-17.0.1\bin\msvcp140.dll
0x00007ffbbecf0000 - 0x00007ffbbf8ae000 	C:\Program Files\Java\jdk-17.0.1\bin\server\jvm.dll
0x00007ffbf9060000 - 0x00007ffbf9068000 	C:\Windows\System32\PSAPI.DLL
0x00007ffbedd90000 - 0x00007ffbeddb7000 	C:\Windows\SYSTEM32\WINMM.dll
0x00007ffbd86c0000 - 0x00007ffbd86c9000 	C:\Windows\SYSTEM32\WSOCK32.dll
0x00007ffbf8f30000 - 0x00007ffbf8f9b000 	C:\Windows\System32\WS2_32.dll
0x00007ffbf5c60000 - 0x00007ffbf5c72000 	C:\Windows\SYSTEM32\kernel.appcore.dll
0x00007ffbf2700000 - 0x00007ffbf270a000 	C:\Program Files\Java\jdk-17.0.1\bin\jimage.dll
0x00007ffbe0110000 - 0x00007ffbe02f4000 	C:\Windows\SYSTEM32\DBGHELP.DLL
0x00007ffbdb710000 - 0x00007ffbdb745000 	C:\Windows\SYSTEM32\dbgcore.DLL
0x00007ffbf8530000 - 0x00007ffbf85b2000 	C:\Windows\System32\bcryptPrimitives.dll
0x00007ffbe5510000 - 0x00007ffbe5535000 	C:\Program Files\Java\jdk-17.0.1\bin\java.dll
0x00007ffbc8520000 - 0x00007ffbc85f6000 	C:\Program Files\Java\jdk-17.0.1\bin\svml.dll
0x00007ffbf9910000 - 0x00007ffbfa055000 	C:\Windows\System32\SHELL32.dll
0x00007ffbf5e60000 - 0x00007ffbf65f2000 	C:\Windows\SYSTEM32\windows.storage.dll
0x00007ffbf9080000 - 0x00007ffbf93d5000 	C:\Windows\System32\combase.dll
0x00007ffbf7720000 - 0x00007ffbf7750000 	C:\Windows\SYSTEM32\Wldp.dll
0x00007ffbf87a0000 - 0x00007ffbf884d000 	C:\Windows\System32\SHCORE.dll
0x00007ffbf8b60000 - 0x00007ffbf8bb5000 	C:\Windows\System32\shlwapi.dll
0x00007ffbf7ce0000 - 0x00007ffbf7cff000 	C:\Windows\SYSTEM32\profapi.dll
0x00007ffbe54b0000 - 0x00007ffbe54c9000 	C:\Program Files\Java\jdk-17.0.1\bin\net.dll
0x00007ffbe9a20000 - 0x00007ffbe9b2c000 	C:\Windows\SYSTEM32\WINHTTP.dll
0x00007ffbf7480000 - 0x00007ffbf74ea000 	C:\Windows\system32\mswsock.dll
0x00007ffbe43d0000 - 0x00007ffbe43e5000 	C:\Program Files\Java\jdk-17.0.1\bin\nio.dll
0x00007ffbf1350000 - 0x00007ffbf1368000 	C:\Program Files\Java\jdk-17.0.1\bin\zip.dll
0x00007ffbf1a30000 - 0x00007ffbf1a40000 	C:\Program Files\Java\jdk-17.0.1\bin\verify.dll
0x00007ffbf11a0000 - 0x00007ffbf11a9000 	C:\Program Files\Java\jdk-17.0.1\bin\management.dll
0x00007ffbf0bc0000 - 0x00007ffbf0bcb000 	C:\Program Files\Java\jdk-17.0.1\bin\management_ext.dll
0x00007ffbd8650000 - 0x00007ffbd8667000 	C:\Windows\system32\napinsp.dll
0x00007ffbd8610000 - 0x00007ffbd862b000 	C:\Windows\system32\pnrpnsp.dll
0x00007ffbd85f0000 - 0x00007ffbd8605000 	C:\Windows\system32\wshbth.dll
0x00007ffbf36b0000 - 0x00007ffbf36cd000 	C:\Windows\system32\NLAapi.dll
0x00007ffbf7170000 - 0x00007ffbf71ab000 	C:\Windows\SYSTEM32\IPHLPAPI.DLL
0x00007ffbf71b0000 - 0x00007ffbf727b000 	C:\Windows\SYSTEM32\DNSAPI.dll
0x00007ffbfa600000 - 0x00007ffbfa608000 	C:\Windows\System32\NSI.dll
0x00007ffbd8580000 - 0x00007ffbd8592000 	C:\Windows\System32\winrnr.dll
0x00000000590b0000 - 0x00000000590d6000 	C:\Program Files\Bonjour\mdnsNSP.dll
0x00007ffbe1990000 - 0x00007ffbe199a000 	C:\Windows\System32\rasadhlp.dll
0x00007ffbdd0b0000 - 0x00007ffbdd130000 	C:\Windows\System32\fwpuclnt.dll
0x00007ffbf85c0000 - 0x00007ffbf85e7000 	C:\Windows\System32\bcrypt.dll
0x00007ffbf7680000 - 0x00007ffbf7698000 	C:\Windows\SYSTEM32\CRYPTSP.dll
0x00007ffbf6da0000 - 0x00007ffbf6dd4000 	C:\Windows\system32\rsaenh.dll
0x00007ffbf7ca0000 - 0x00007ffbf7cce000 	C:\Windows\SYSTEM32\USERENV.dll
0x00007ffbf7670000 - 0x00007ffbf767c000 	C:\Windows\SYSTEM32\CRYPTBASE.dll
0x00007ffbeb680000 - 0x00007ffbeb697000 	C:\Windows\SYSTEM32\dhcpcsvc6.DLL
0x00007ffbedbc0000 - 0x00007ffbedbdd000 	C:\Windows\SYSTEM32\dhcpcsvc.DLL
0x00007ffbe6840000 - 0x00007ffbe684e000 	C:\Program Files\Java\jdk-17.0.1\bin\sunmscapi.dll
0x00007ffbf8200000 - 0x00007ffbf8356000 	C:\Windows\System32\CRYPT32.dll
0x00007ffbf7790000 - 0x00007ffbf77b7000 	C:\Windows\SYSTEM32\ncrypt.dll
0x00007ffbf7750000 - 0x00007ffbf778b000 	C:\Windows\SYSTEM32\NTASN1.dll
0x00007ffbe66e0000 - 0x00007ffbe66e7000 	C:\Windows\system32\wshunix.dll

dbghelp: loaded successfully - version: 4.0.5 - missing functions: none
symbol engine: initialized successfully - sym options: 0x614 - pdb path: .;C:\Program Files\Java\jdk-17.0.1\bin;C:\Windows\SYSTEM32;C:\Windows\WinSxS\amd64_microsoft.windows.common-controls_6595b64144ccf1df_6.0.19041.1110_none_60b5254171f9507e;C:\Program Files\Java\jdk-17.0.1\bin\server;C:\Program Files\Bonjour

VM Arguments:
jvm_args: -Dfile.encoding=UTF-8 -XX:+ShowCodeDetailsInExceptionMessages 
java_command: com.project.hrms.HrmsApplication
java_class_path (initial): C:\eclipse-workspace\hrms\target\classes;C:\Users\Shevchenko\Desktop\java rar\dc\activation.jar;C:\Users\Shevchenko\Desktop\java rar\dc\axis-1.4.jar;C:\Users\Shevchenko\Desktop\java rar\dc\axis-ant.jar;C:\Users\Shevchenko\Desktop\java rar\dc\commons-discovery-0.2.jar;C:\Users\Shevchenko\Desktop\java rar\dc\javax.mail.jar;C:\Users\Shevchenko\Desktop\java rar\dc\javax.wsdl_1.6.2.v201012040545.jar;C:\Users\Shevchenko\Desktop\java rar\dc\jaxrpc.jar;C:\Users\Shevchenko\Desktop\java rar\dc\saaj.jar;C:\Users\Shevchenko\.m2\repository\org\springframework\boot\spring-boot-starter-data-jpa\2.5.6\spring-boot-starter-data-jpa-2.5.6.jar;C:\Users\Shevchenko\.m2\repository\org\springframework\boot\spring-boot-starter-aop\2.5.6\spring-boot-starter-aop-2.5.6.jar;C:\Users\Shevchenko\.m2\repository\org\springframework\spring-aop\5.3.12\spring-aop-5.3.12.jar;C:\Users\Shevchenko\.m2\repository\org\aspectj\aspectjweaver\1.9.7\aspectjweaver-1.9.7.jar;C:\Users\Shevchenko\.m2\repository\org\springframework\boot\spring-boot-starter-jdbc\2.5.6\spring-boot-starter-jdbc-2.5.6.jar;C:\Users\Shevchenko\.m2\repository\com\zaxxer\HikariCP\4.0.3\HikariCP-4.0.3.jar;C:\Users\Shevchenko\.m2\repository\org\springframework\spring-jdbc\5.3.12\spring-jdbc-5.3.12.jar;C:\Users\Shevchenko\.m2\repository\jakarta\transaction\jakarta.transaction-api\1.3.3\jakarta.transaction-api-1.3.3.jar;C:\Users\Shevchenko\.m2\repository\jakarta\persistence\jakarta.persistence-api\2.2.3\jakarta.persistence-api-2.2.3.jar;C:\Users\Shevchenko\.m2\repository\org\hibernate\hibernate-core\5.4.32.Final\hibernate-core-5.4.32.Final.jar;C:\Users\Shevchenko\.m2\repository\org\jboss\logging\jboss-logging\3.4.2.Final\jboss-logging-3.4.2.Final.jar;C:\Users\Shevchenko\.m2\repository\org\javassist\javassist\3.27.0-GA\javassist-3.27.0-GA.jar;C:\Users\Shevchenko\.m2\repository\net\bytebuddy\byte-buddy\1.10.22\byte-buddy-1.10.22.jar;C:\Users\Shevchenko\.m2\repository\antlr\antlr\2.7.7\antlr-2.7.7.jar;C:\Users\Shevchen
Launcher Type: SUN_STANDARD

[Global flags]
     intx CICompilerCount                          = 4                                         {product} {ergonomic}
     uint ConcGCThreads                            = 2                                         {product} {ergonomic}
     uint G1ConcRefinementThreads                  = 8                                         {product} {ergonomic}
   size_t G1HeapRegionSize                         = 1048576                                   {product} {ergonomic}
    uintx GCDrainStackTargetSize                   = 64                                        {product} {ergonomic}
   size_t InitialHeapSize                          = 100663296                                 {product} {ergonomic}
   size_t MarkStackSize                            = 4194304                                   {product} {ergonomic}
   size_t MaxHeapSize                              = 1579155456                                {product} {ergonomic}
   size_t MaxNewSize                               = 946864128                                 {product} {ergonomic}
   size_t MinHeapDeltaBytes                        = 1048576                                   {product} {ergonomic}
   size_t MinHeapSize                              = 8388608                                   {product} {ergonomic}
    uintx NonNMethodCodeHeapSize                   = 5839372                                {pd product} {ergonomic}
    uintx NonProfiledCodeHeapSize                  = 122909434                              {pd product} {ergonomic}
    uintx ProfiledCodeHeapSize                     = 122909434                              {pd product} {ergonomic}
    uintx ReservedCodeCacheSize                    = 251658240                              {pd product} {ergonomic}
     bool SegmentedCodeCache                       = true                                      {product} {ergonomic}
     bool ShowCodeDetailsInExceptionMessages       = true                                   {manageable} {command line}
   size_t SoftMaxHeapSize                          = 1579155456                             {manageable} {ergonomic}
     bool UseCompressedClassPointers               = true                           {product lp64_product} {ergonomic}
     bool UseCompressedOops                        = true                           {product lp64_product} {ergonomic}
     bool UseG1GC                                  = true                                      {product} {ergonomic}
     bool UseLargePagesIndividualAllocation        = false                                  {pd product} {ergonomic}

Logging:
Log output configuration:
 #0: stdout all=warning uptime,level,tags
 #1: stderr all=off uptime,level,tags

Environment Variables:
PATH=C:\Program Files (x86)\Razer Chroma SDK\bin;C:\Program Files\Razer Chroma SDK\bin;C:\Program Files (x86)\Razer\ChromaBroadcast\bin;C:\Program Files\Razer\ChromaBroadcast\bin;C:\ProgramData\Oracle\Java\javapath;C:\Program Files\Common Files\Oracle\Java\javapath;C:\Program Files (x86)\Common Files\Oracle\Java\javapath;C:\Windows\system32;C:\Windows;C:\Windows\System32\Wbem;C:\Windows\System32\WindowsPowerShell\v1.0\;C:\Windows\System32\OpenSSH\;C:\Program Files\dotnet\;C:\Windows\system32\config\systemprofile\AppData\Local\Microsoft\WindowsApps;C:\Program Files\nodejs\;C:\Users\Shevchenko\AppData\Local\Microsoft\WindowsApps;C:\Users\Shevchenko\AppData\Local\Programs\Microsoft VS Code\bin;C:\Users\Shevchenko\.dotnet\tools;C:\Users\Shevchenko\AppData\Roaming\npm
USERNAME=Shevchenko
OS=Windows_NT
PROCESSOR_IDENTIFIER=AMD64 Family 23 Model 24 Stepping 1, AuthenticAMD



---------------  S Y S T E M  ---------------

OS:
 Windows 10 , 64 bit Build 19041 (10.0.19041.2546)
OS uptime: 3 days 3:06 hours

CPU: total 8 (initial active 8) (8 cores per cpu, 2 threads per core) family 23 model 24 stepping 1 microcode 0x0, cx8, cmov, fxsr, ht, mmx, 3dnowpref, sse, sse2, sse3, ssse3, sse4a, sse4.1, sse4.2, popcnt, lzcnt, tsc, tscinvbit, avx, avx2, aes, clmul, bmi1, bmi2, adx, sha, fma, vzeroupper, clflush, clflushopt

Memory: 4k page, system-wide physical 6017M (140M free)
TotalPageFile size 13077M (AvailPageFile size 5M)
current process WorkingSet (physical memory assigned to process): 253M, peak: 273M
current process commit charge ("private bytes"): 293M, peak: 317M

vm_info: Java HotSpot(TM) 64-Bit Server VM (17.0.1+12-LTS-39) for windows-amd64 JRE (17.0.1+12-LTS-39), built on Sep 27 2021 18:41:35 by "mach5one" with MS VC++ 16.8 (VS2019)

END.
